0:100  0:100  MemLog inited, TSC freq: 3600501040
0:100  0:000  CPU was calibrated with RTC
0:100  0:000  
0:100  0:000  Now is 27.11.2019,  18:34:52 (GMT)
0:100  0:000  Starting Clover revision: 5099 (master, commit 6852bd3a) on American Megatrends EFI
0:100  0:000  Build with: [Args: -D NO_GRUB_DRIVERS_EMBEDDED -t GCC53 | -D NO_GRUB_DRIVERS_EMBEDDED --conf=/Users/sergey/src/Clover/Conf -D USE_LOW_EBDA -a X64 -b RELEASE -t GCC53 -n 5 | OS: 10.14.6]
0:100  0:000  SelfDevicePath=PciRoot(0x0)\Pci(0x17,0x0)\Sata(0x2,0xFFFF,0x0)\HD(1,GPT,CC961412-6621-4759-AAAA-830666C9E3AD,0x28,0x64000) @39D5D998
0:100  0:000  SelfDirPath = \EFI\BOOT
0:103  0:002  SimpleTextEx Status=Success
0:103  0:000  === [ Get Smbios ] ========================================
0:103  0:000  Type 16 Index = 0
0:103  0:000  Total Memory Slots Count = 4
0:103  0:000  Type 17 Index = 0
0:103  0:000  SmbiosTable.Type17->Speed = 3200MHz
0:103  0:000  SmbiosTable.Type17->Size = 8192MB
0:103  0:000  SmbiosTable.Type17->Bank/Device = BANK 0 ChannelA-DIMM0
0:103  0:000  SmbiosTable.Type17->Vendor = 029E
0:103  0:000  SmbiosTable.Type17->SerialNumber = 00000000
0:103  0:000  SmbiosTable.Type17->PartNumber = CMK16GX4M2B3200C16  
0:103  0:000  Type 17 Index = 1
0:103  0:000  Ignoring insane frequency value 0MHz
0:103  0:000  SmbiosTable.Type17->Speed = 0MHz
0:103  0:000  SmbiosTable.Type17->Size = 0MB
0:103  0:000  SmbiosTable.Type17->Bank/Device = BANK 1 ChannelA-DIMM1
0:103  0:000  SmbiosTable.Type17->Vendor = <null string>
0:103  0:000  SmbiosTable.Type17->SerialNumber = <null string>
0:103  0:000  SmbiosTable.Type17->PartNumber = <null string>
0:103  0:000  Type 17 Index = 2
0:103  0:000  SmbiosTable.Type17->Speed = 3200MHz
0:103  0:000  SmbiosTable.Type17->Size = 8192MB
0:103  0:000  SmbiosTable.Type17->Bank/Device = BANK 2 ChannelB-DIMM0
0:103  0:000  SmbiosTable.Type17->Vendor = 029E
0:103  0:000  SmbiosTable.Type17->SerialNumber = 00000000
0:103  0:000  SmbiosTable.Type17->PartNumber = CMK16GX4M2B3200C16  
0:103  0:000  Type 17 Index = 3
0:103  0:000  Ignoring insane frequency value 0MHz
0:103  0:000  SmbiosTable.Type17->Speed = 0MHz
0:103  0:000  SmbiosTable.Type17->Size = 0MB
0:103  0:000  SmbiosTable.Type17->Bank/Device = BANK 3 ChannelB-DIMM1
0:103  0:000  SmbiosTable.Type17->Vendor = <null string>
0:103  0:000  SmbiosTable.Type17->SerialNumber = <null string>
0:103  0:000  SmbiosTable.Type17->PartNumber = <null string>
0:103  0:000  Boot status=0
0:103  0:000  Running on: 'Z390 D' with board 'Z390 D'
0:103  0:000  === [ GetCPUProperties ] ==================================
0:103  0:000  CPU Vendor = 756E6547 Model=906EB
0:103  0:000   The CPU supported SSE4.1
0:103  0:000  BrandString = Intel(R) Core(TM) i3-9100F CPU @ 3.60GHz
0:103  0:000   The CPU supported turbo
0:103  0:000  MSR 0x35               40004
0:103  0:000   TSC/CCC Information Leaf:
0:103  0:000    numerator     : 300
0:103  0:000    denominator   : 2
0:103  0:000   Calibrated ARTFrequency: 24003340
0:103  0:000   Rounded ARTFrequency: 24000000
0:103  0:000  MSR 0xE2 before patch 1E008000
0:103  0:000  MSR 0xE2 is locked, PM patches will be turned on
0:103  0:000  MSR 0xCE              00080838_F1012400
0:103  0:000  corrected FLEX_RATIO = 0
0:103  0:000  FSBFrequency = 110 MHz, DMI FSBFrequency = 100 MHz, Corrected FSBFrequency = 100 MHz
0:103  0:000  MaxDiv/MinDiv: 36.0/8
0:103  0:000  Turbo: 40/41/41/42
0:103  0:000  Features: 0xBFEBFBFF
0:103  0:000  Threads: 4
0:103  0:000  Cores: 4
0:103  0:000  FSB: 100 MHz
0:103  0:000  CPU: 3960 MHz
0:103  0:000  TSC: 3960 MHz
0:103  0:000  PIS: 100 MHz
0:103  0:000  ExternalClock: 25 MHz
0:103  0:000  === [ GetDevices ] ========================================
0:103  0:000  GOP found at: PciRoot(0x0)/Pci(0x1,0x0)/Pci(0x0,0x0)/AcpiAdr(0x80010100)
0:103  0:000  PCI (00|00:00.00) : 8086 3E1F class=060000
0:103  0:000  PCI (00|00:01.00) : 8086 1901 class=060400
0:103  0:000  PCI (00|01:00.00) : 1002 67DF class=030000
0:103  0:000   - GOP: Provided by device
0:103  0:000   - GFX: Model=AMD Radeon RX 480 (ATI/AMD)
0:103  0:000  PCI (00|01:00.01) : 1002 AAF0 class=040300
0:103  0:000   - HDMI Audio: 
0:103  0:000  PCI (00|00:12.00) : 8086 A379 class=118000
0:103  0:000  PCI (00|00:14.00) : 8086 A36D class=0C0330
0:103  0:000  PCI (00|00:14.02) : 8086 A36F class=050000
0:103  0:000  PCI (00|00:16.00) : 8086 A360 class=078000
0:103  0:000  PCI (00|00:17.00) : 8086 A352 class=010601
0:103  0:000  PCI (00|00:1B.00) : 8086 A340 class=060400
0:103  0:000  PCI (00|00:1C.00) : 8086 A338 class=060400
0:103  0:000  PCI (00|00:1C.02) : 8086 A33A class=060400
0:103  0:000  PCI (00|04:00.00) : 10EC 8168 class=020000
0:103  0:000   - LAN: 0 Vendor=Realtek
0:103  0:000  PCI (00|00:1D.00) : 8086 A330 class=060400
0:103  0:000  PCI (00|00:1F.00) : 8086 A305 class=060100
0:103  0:000  PCI (00|00:1F.03) : 8086 A348 class=040300
0:103  0:000  PCI (00|00:1F.04) : 8086 A323 class=0C0500
0:103  0:000  PCI (00|00:1F.05) : 8086 A324 class=0C8000
0:103  0:000  === [ GetDefaultSettings ] ================================
0:103  0:000  Clover load options size = 0 bytes
0:109  0:005  EFI\CLOVER\config.plist loaded: Success
0:109  0:000  === [ GetListOfThemes ] ===================================
0:112  0:002  - [00]: random
0:114  0:002  - [00]: embedded
0:117  0:002  === [ Found config plists ] ===============================
0:118  0:001  - config.plist
0:119  0:001  - config4.plist
0:120  0:001  - config3.plist
0:122  0:001  - config5.plist
0:122  0:000  === [ GetEarlyUserSettings ] ==============================
0:122  0:000  timeout set to 3
0:122  0:000  Custom boot CUSTOM_BOOT_DISABLED (0x0)
0:138  0:015  Hiding entries with string Video
0:145  0:007  Hiding entries with string \EFI\BOOT\BOOTX64.EFI
0:152  0:006  Hiding entries with string AppleHDD
0:159  0:006  Hiding entries with string Game
0:166  0:006  Hiding entries with string MyDoc
0:173  0:007  Hiding entries with string Preboot
0:180  0:007  Hiding entries with string Recovery
0:187  0:007  === [ LoadDrivers ] =======================================
0:480  0:292  Loading FSInject.efi  status=Success
0:505  0:024  Loading HFSPlus.efi  status=Success
0:529  0:023   - driver needs connecting
0:536  0:006  Loading VirtualSmc.efi  status=Success
0:560  0:024  Loading ApfsDriverLoader.efi  status=Success
0:584  0:023   - driver needs connecting
0:591  0:006  Loading AptioMemoryFix.efi  status=Success
0:616  0:025  2 drivers needs connecting ...
0:623  0:006  PlatformDriverOverrideProtocol->GetDriver overriden
0:632  0:009  HFS+ driver loaded
0:639  0:006  APFS driver loaded
0:646  0:006  Searching for invalid DiskIo BY_DRIVER connects: not found, all ok
1:148  0:501  === [ InitScreen ] ========================================
1:447  0:298  Console modes reported: 6, available modes:
1:454  0:007   - [01]: 80x25 (current mode)
1:462  0:008   - [02]: 80x50
1:469  0:007   - [03]: 100x31
1:477  0:007   - [04]: 127x33
1:484  0:007   - [06]: 120x50
1:491  0:007  SetScreenResolution: 1920x1080 - setting Mode 5
1:599  0:107  Video mode change to mode #5: Success
1:606  0:007  reinit: self device path=PciRoot(0x0)\Pci(0x17,0x0)\Sata(0x2,0xFFFF,0x0)\HD(1,GPT,CC961412-6621-4759-AAAA-830666C9E3AD,0x28,0x64000)
1:615  0:008  Using embedded font: Success
1:623  0:007  === [ GetMacAddress ] =====================================
1:894  0:271  MAC address of LAN #0= B4:2E:99:82:CE:08:
1:949  0:055  === [ ScanSPD ] ===========================================
2:262  0:312  Scanning SMBus [8086:A323], mmio: 0x50518004, ioport: 0xEFA0, hostc: 0x11
2:290  0:028  Slot: 0 Type 26 8192MB 3200MHz Vendor=Corsair PartNo=CMK16GX4M2B3200C16 SerialNo=0000000000000000
2:315  0:025  Slot: 2 Type 26 8192MB 3200MHz Vendor=Corsair PartNo=CMK16GX4M2B3200C16 SerialNo=0000000000000000
2:323  0:007  === [ GetAcpiTablesList ] =================================
2:566  0:243  Get Acpi Tables List from RSDT:
2:580  0:013   - [00]: FACP  A M I len=132
2:587  0:007   - [01]: APIC  A M I len=132
2:594  0:007   - [02]: FPDT  A M I len=68
2:604  0:009   - [03]: FIDT  A M I len=156
2:611  0:006   - [04]: MCFG  A M I len=60
2:618  0:007   - [05]: SSDT  A M I len=516
2:625  0:007   - [06]: SSDT  A M I len=6101
2:632  0:006   - [07]: SSDT  A M I len=34306
2:639  0:007   - [08]: SSDT  A M I len=12743
2:646  0:006   - [09]: SSDT  A M I len=9048
2:653  0:007   - [10]: HPET  A M I len=56
2:660  0:006   - [11]: SSDT  A M I len=3998
2:667  0:006   - [12]: SSDT  A M I len=11547
2:674  0:006   - [13]: UEFI  A M I len=66
2:681  0:007   - [14]: LPIT  A M I len=92
2:691  0:009   - [15]: SSDT  A M I len=10206
2:698  0:006   - [16]: SSDT  A M I len=4094
2:704  0:006   - [17]: DBGP  A M I len=52
2:711  0:006   - [18]: DBG2  A M I len=84
2:718  0:006   - [19]: BGRT  A M I len=56
2:725  0:006   - [20]: WSMT  A M I len=40
2:732  0:007  Calibrated TSC Frequency = 3600501040 = 3600MHz
2:739  0:007  === [ GetUserSettings ] ===================================
3:001  0:261  USB FixOwnership: yes
3:008  0:007  Dropping 2 tables:
3:015  0:006   - [00]: Drop table  signature="DMAR" (52414D44)
3:074  0:058           - set table: 52414D44,                0 to drop: no
3:088  0:014   - [01]: Drop table  signature="MATS" (5354414D)
3:143  0:054           - set table: 5354414D,                0 to drop: no
3:157  0:014   - final DSDT Fix mask=166610D5
3:164  0:006  Using ProductName from config: iMac19,2
3:171  0:007  Found same BiosVersion in clover and config
3:178  0:007  BiosVersion: IM191.88Z.F000.B00.1910301745
3:185  0:007  BiosReleaseDate: 10/30/2019
3:195  0:010  Using EfiVersion from clover: 1037.60.50.0.0
3:202  0:006  Using FirmwareFeatures from config: 0xFD8FF576
3:209  0:006  Using FirmwareFeaturesMask from config: 0xFFDFFF7F
3:216  0:006  Board-ID set from config as Mac-63001698E7A34814
3:223  0:007  BoardType: 0xA
3:230  0:006  ChassisType: 0x9
3:237  0:006  Converted CustomUUID 1AD00F26-5543-45B7-8FA4-0D25C1CE35D3
3:246  0:009  === [ Found DSDT tables ] =================================
3:491  0:244  - DSDT.aml
3:890  0:399  === [ ScanVolumes ] =======================================
4:178  0:287  Found 14 volumes with blockIO
4:185  0:007  - [00]: Volume: PciRoot(0x0)\Pci(0x14,0x0)\USB(0x2,0x0)
4:199  0:014          USB volume
4:206  0:006  - [01]: Volume: PciRoot(0x0)\Pci(0x14,0x0)\USB(0x2,0x0)\HD(1,GPT,1DEE4863-7B24-4B0C-A024-25DF843C2F62,0x28,0x64000)
4:220  0:014          Result of bootcode detection: bootable unknown (legacy)
4:227  0:006          USB volume
4:233  0:006  - [02]: Volume: PciRoot(0x0)\Pci(0x14,0x0)\USB(0x2,0x0)\HD(2,GPT,A4E85B63-8FCB-4867-8108-5C9A94319CA2,0x64028,0x3A2E1FE0)
4:250  0:016          USB volume
4:257  0:007  - [03]: Volume: PciRoot(0x0)\Pci(0x17,0x0)\Sata(0x2,0xFFFF,0x0)
4:272  0:014  - [04]: Volume: PciRoot(0x0)\Pci(0x17,0x0)\Sata(0x4,0xFFFF,0x0)
4:286  0:014          Result of bootcode detection: bootable unknown (legacy)
4:293  0:007  - [05]: Volume: PciRoot(0x0)\Pci(0x17,0x0)\Sata(0x2,0xFFFF,0x0)\HD(1,GPT,CC961412-6621-4759-AAAA-830666C9E3AD,0x28,0x64000)
4:308  0:014          Result of bootcode detection: bootable unknown (legacy)
4:318  0:010          This is SelfVolume !!
4:326  0:007  - [06]: Volume: PciRoot(0x0)\Pci(0x17,0x0)\Sata(0x2,0xFFFF,0x0)\HD(2,GPT,B30786DA-E210-4F43-B70F-576B68A584F7,0x64028,0x1D121920)
4:340  0:014          Result of bootcode detection: bootable unknown (legacy)
4:347  0:006  - [07]: Volume: PciRoot(0x0)\Pci(0x17,0x0)\Sata(0x4,0xFFFF,0x0)\HD(1,GPT,F957AC43-A33D-43EA-B463-F7A4BC29E1C3,0x1F704000,0x1AC82000)
4:362  0:014          Result of bootcode detection: bootable Windows (vista,win)
4:372  0:010  - [08]: Volume: PciRoot(0x0)\Pci(0x17,0x0)\Sata(0x4,0xFFFF,0x0)\HD(2,GPT,F17B3F40-4239-4C2C-8149-D46088247B25,0x800,0x1F703800)
4:387  0:014  - [09]: Volume: PciRoot(0x0)\Pci(0x17,0x0)\Sata(0x2,0xFFFF,0x0)\HD(2,GPT,B30786DA-E210-4F43-B70F-576B68A584F7,0x64028,0x1D121920)\VenMedia(BE74FCF7-0B7C-49F3-9147-01F4042E6842,E11176DF8CA28048BEF9E9393132853F)
4:401  0:014          hiding this volume
4:408  0:007  - [10]: Volume: PciRoot(0x0)\Pci(0x17,0x0)\Sata(0x2,0xFFFF,0x0)\HD(2,GPT,B30786DA-E210-4F43-B70F-576B68A584F7,0x64028,0x1D121920)\VenMedia(BE74FCF7-0B7C-49F3-9147-01F4042E6842,FB1209AEE9BAF8389BB0DB3501A706AF)
4:424  0:016  - [11]: Volume: PciRoot(0x0)\Pci(0x17,0x0)\Sata(0x2,0xFFFF,0x0)\HD(2,GPT,B30786DA-E210-4F43-B70F-576B68A584F7,0x64028,0x1D121920)\VenMedia(BE74FCF7-0B7C-49F3-9147-01F4042E6842,F3374051DA9FE147AD6BDC74DCAA5238)
4:438  0:014          hiding this volume
4:446  0:007  - [12]: Volume: PciRoot(0x0)\Pci(0x17,0x0)\Sata(0x2,0xFFFF,0x0)\HD(2,GPT,B30786DA-E210-4F43-B70F-576B68A584F7,0x64028,0x1D121920)\VenMedia(BE74FCF7-0B7C-49F3-9147-01F4042E6842,CB644E09E4699E42BF1CA6E827305884)
4:464  0:018  - [13]: Volume: PciRoot(0x0)\Pci(0x17,0x0)\Sata(0x2,0xFFFF,0x0)\HD(2,GPT,B30786DA-E210-4F43-B70F-576B68A584F7,0x64028,0x1D121920)\VenMedia(BE74FCF7-0B7C-49F3-9147-01F4042E6842,37E1152428C2B448A6C914348D3C7223)
4:479  0:014  No AudioIoProtocols, status=Not Found
4:486  0:007  === [ InitTheme ] =========================================
4:782  0:296  use daylight theme
4:792  0:009   using embedded theme
4:799  0:006  got embedded sound
4:806  0:006    Channels: 2  Sample rate: 8000 Hz  Bits: 16
4:813  0:007  output to channel 0 with volume 70, len=25600
4:820  0:006   sound channels=2 bits=16 freq=8000
4:827  0:007  sound converted to 48kHz
4:834  0:006  not found AudioIo to play
4:844  0:010  sound play end with status=Not Found
4:853  0:009  Using embedded font: Success
4:860  0:007  theme inited
4:868  0:007  Chosen embedded theme
4:874  0:006  after NVRAM boot-args=-v debug=0x100 keepsyms=1 alcid=3 dart=0
4:885  0:010  === [ Dump SMC keys from NVRAM ] ==========================
5:080  0:195  found AppleSMC protocol
5:100  0:020  === [ ScanLoader ] ========================================
5:393  0:292  - [01]: 'EFI'
5:407  0:014  - [02]: 'Time Machine'
5:422  0:015  - [05]: 'EFI'
5:468  0:046          AddLoaderEntry for Volume Name=EFI
5:475  0:007          skipped because entry is hidden
5:482  0:006  - [07]: 'WData'
5:496  0:013  - [08]: 'Data'
5:513  0:017  - [09]: 'Preboot', hidden
5:527  0:013  - [10]: 'macOS - Data'
5:545  0:017  - [11]: 'Recovery', hidden
5:558  0:013  - [12]: 'VM'
5:573  0:014  - [13]: 'macOS'
5:609  0:036          AddLoaderEntry for Volume Name=macOS
5:622  0:013      Check if volume Is Hibernated:
5:629  0:007      Check sleep image 'by signature':
5:638  0:008      using default sleep image name = \private\var\vm\sleepimage
5:645  0:007      sleepimage not found -> Not Found
5:652  0:007      hibernated: no - sign
5:665  0:013  Scanning legacy ...
5:672  0:006   7: 'WData' (vista,win) add legacy
5:687  0:014   added 'Boot Windows from WData' OSType=2 Icon=vista,win
5:694  0:007  === [ AddCustomTool ] =====================================
5:965  0:271  found tool \EFI\CLOVER\tools\Shell64U.efi
5:972  0:006  Checking EFI partition Volume 1 for Clover
5:979  0:006  Checking EFI partition Volume 5 for Clover
5:988  0:009   Found Clover
5:996  0:007  === [ GetEfiBootDeviceFromNvram ] =========================
6:187  0:190   - efi-boot-device-data: PciRoot(0x0)\Pci(0x17,0x0)\Sata(0x2,0xFFFF,0x0)\HD(2,GPT,B30786DA-E210-4F43-B70F-576B68A584F7,0x64028,0x1D121920)\VenMedia(BE74FCF7-0B7C-49F3-9147-01F4042E6842,37E1152428C2B448A6C914348D3C7223)
6:193  0:006    - Volume: 'PciRoot(0x0)\Pci(0x17,0x0)\Sata(0x2,0xFFFF,0x0)\HD(2,GPT,B30786DA-E210-4F43-B70F-576B68A584F7,0x64028,0x1D121920)\VenMedia(BE74FCF7-0B7C-49F3-9147-01F4042E6842,37E1152428C2B448A6C914348D3C7223)'
6:201  0:007    - LoaderPath: '<null string>'
6:211  0:010    - Guid = B30786DA-E210-4F43-B70F-576B68A584F7
6:218  0:007  === [ FindStartupDiskVolume ] =============================
6:431  0:213    - Volume: partition = PciRoot(0x0)\Pci(0x17,0x0)\Sata(0x2,0xFFFF,0x0)\HD(2,GPT,B30786DA-E210-4F43-B70F-576B68A584F7,0x64028,0x1D121920)\VenMedia(BE74FCF7-0B7C-49F3-9147-01F4042E6842,37E1152428C2B448A6C914348D3C7223)
6:438  0:006     - searching for that partition
6:445  0:006      - found entry 0. 'Boot macOS from macOS', Volume 'macOS'
6:457  0:011  Boot redirected to Entry 0. 'Boot macOS from macOS'
6:464  0:006  DefaultIndex=0 and MainMenu.EntryCount=8
6:546  0:081  GUI ready
8:250  1:704  exit from MainMenu 1
53:288  45:038  ReinitSelfLib after theme change
53:295  0:007  reinit: self device path=PciRoot(0x0)\Pci(0x17,0x0)\Sata(0x2,0xFFFF,0x0)\HD(1,GPT,CC961412-6621-4759-AAAA-830666C9E3AD,0x28,0x64000)
53:304  0:008  === [ ScanVolumes ] =======================================
53:593  0:289  Found 14 volumes with blockIO
53:600  0:006  - [00]: Volume: PciRoot(0x0)\Pci(0x14,0x0)\USB(0x2,0x0)
53:617  0:016          USB volume
53:624  0:006  - [01]: Volume: PciRoot(0x0)\Pci(0x14,0x0)\USB(0x2,0x0)\HD(1,GPT,1DEE4863-7B24-4B0C-A024-25DF843C2F62,0x28,0x64000)
53:638  0:013          Result of bootcode detection: bootable unknown (legacy)
53:644  0:006          USB volume
53:651  0:007  - [02]: Volume: PciRoot(0x0)\Pci(0x14,0x0)\USB(0x2,0x0)\HD(2,GPT,A4E85B63-8FCB-4867-8108-5C9A94319CA2,0x64028,0x3A2E1FE0)
53:665  0:014          USB volume
53:675  0:009  - [03]: Volume: PciRoot(0x0)\Pci(0x17,0x0)\Sata(0x2,0xFFFF,0x0)
53:690  0:014  - [04]: Volume: PciRoot(0x0)\Pci(0x17,0x0)\Sata(0x4,0xFFFF,0x0)
53:704  0:014          Result of bootcode detection: bootable unknown (legacy)
53:711  0:007  - [05]: Volume: PciRoot(0x0)\Pci(0x17,0x0)\Sata(0x2,0xFFFF,0x0)\HD(1,GPT,CC961412-6621-4759-AAAA-830666C9E3AD,0x28,0x64000)
53:726  0:014          Result of bootcode detection: bootable unknown (legacy)
53:734  0:007          This is SelfVolume !!
53:743  0:009  - [06]: Volume: PciRoot(0x0)\Pci(0x17,0x0)\Sata(0x2,0xFFFF,0x0)\HD(2,GPT,B30786DA-E210-4F43-B70F-576B68A584F7,0x64028,0x1D121920)
53:758  0:014          Result of bootcode detection: bootable unknown (legacy)
53:765  0:007  - [07]: Volume: PciRoot(0x0)\Pci(0x17,0x0)\Sata(0x4,0xFFFF,0x0)\HD(1,GPT,F957AC43-A33D-43EA-B463-F7A4BC29E1C3,0x1F704000,0x1AC82000)
53:780  0:014          Result of bootcode detection: bootable Windows (vista,win)
53:787  0:007  - [08]: Volume: PciRoot(0x0)\Pci(0x17,0x0)\Sata(0x4,0xFFFF,0x0)\HD(2,GPT,F17B3F40-4239-4C2C-8149-D46088247B25,0x800,0x1F703800)
53:804  0:017  - [09]: Volume: PciRoot(0x0)\Pci(0x17,0x0)\Sata(0x2,0xFFFF,0x0)\HD(2,GPT,B30786DA-E210-4F43-B70F-576B68A584F7,0x64028,0x1D121920)\VenMedia(BE74FCF7-0B7C-49F3-9147-01F4042E6842,E11176DF8CA28048BEF9E9393132853F)
53:818  0:013          hiding this volume
53:825  0:006  - [10]: Volume: PciRoot(0x0)\Pci(0x17,0x0)\Sata(0x2,0xFFFF,0x0)\HD(2,GPT,B30786DA-E210-4F43-B70F-576B68A584F7,0x64028,0x1D121920)\VenMedia(BE74FCF7-0B7C-49F3-9147-01F4042E6842,FB1209AEE9BAF8389BB0DB3501A706AF)
53:842  0:017  - [11]: Volume: PciRoot(0x0)\Pci(0x17,0x0)\Sata(0x2,0xFFFF,0x0)\HD(2,GPT,B30786DA-E210-4F43-B70F-576B68A584F7,0x64028,0x1D121920)\VenMedia(BE74FCF7-0B7C-49F3-9147-01F4042E6842,F3374051DA9FE147AD6BDC74DCAA5238)
53:855  0:013          hiding this volume
53:862  0:006  - [12]: Volume: PciRoot(0x0)\Pci(0x17,0x0)\Sata(0x2,0xFFFF,0x0)\HD(2,GPT,B30786DA-E210-4F43-B70F-576B68A584F7,0x64028,0x1D121920)\VenMedia(BE74FCF7-0B7C-49F3-9147-01F4042E6842,CB644E09E4699E42BF1CA6E827305884)
53:879  0:016  - [13]: Volume: PciRoot(0x0)\Pci(0x17,0x0)\Sata(0x2,0xFFFF,0x0)\HD(2,GPT,B30786DA-E210-4F43-B70F-576B68A584F7,0x64028,0x1D121920)\VenMedia(BE74FCF7-0B7C-49F3-9147-01F4042E6842,37E1152428C2B448A6C914348D3C7223)
53:893  0:013  No AudioIoProtocols, status=Not Found
53:899  0:006  theme inited
53:906  0:006  Chosen embedded theme
53:913  0:007  after NVRAM boot-args=-v debug=0x100 keepsyms=1 alcid=3 dart=0
53:920  0:006  === [ ScanLoader ] ========================================
54:215  0:294  - [01]: 'EFI'
54:229  0:014  - [02]: 'Time Machine'
54:244  0:015  - [05]: 'EFI'
54:289  0:045          AddLoaderEntry for Volume Name=EFI
54:296  0:006          skipped because entry is hidden
54:303  0:007  - [07]: 'WData'
54:317  0:013  - [08]: 'Data'
54:332  0:014  - [09]: 'Preboot', hidden
54:345  0:013  - [10]: 'macOS - Data'
54:359  0:013  - [11]: 'Recovery', hidden
54:373  0:014  - [12]: 'VM'
54:387  0:014  - [13]: 'macOS'
54:402  0:014          AddLoaderEntry for Volume Name=macOS
54:413  0:010      Check if volume Is Hibernated:
54:419  0:006      Check sleep image 'by signature':
54:427  0:007      using default sleep image name = \private\var\vm\sleepimage
54:434  0:007      sleepimage not found -> Not Found
54:441  0:007      hibernated: no - sign
54:452  0:011  Scanning legacy ...
54:459  0:006   7: 'WData' (vista,win) add legacy
54:473  0:013   added 'Boot Windows from WData' OSType=2 Icon=vista,win
54:480  0:006  === [ AddCustomTool ] =====================================
54:754  0:274  found tool \EFI\CLOVER\tools\Shell64U.efi
54:761  0:007  Checking EFI partition Volume 1 for Clover
54:768  0:007  Checking EFI partition Volume 5 for Clover
54:777  0:008   Found Clover
54:784  0:006  === [ GetEfiBootDeviceFromNvram ] =========================
54:971  0:187  === [ FindStartupDiskVolume ] =============================
55:190  0:218    - Volume: partition = PciRoot(0x0)\Pci(0x17,0x0)\Sata(0x2,0xFFFF,0x0)\HD(2,GPT,B30786DA-E210-4F43-B70F-576B68A584F7,0x64028,0x1D121920)\VenMedia(BE74FCF7-0B7C-49F3-9147-01F4042E6842,37E1152428C2B448A6C914348D3C7223)
55:200  0:010     - searching for that partition
55:207  0:006      - found entry 0. 'Boot macOS from macOS', Volume 'macOS'
55:214  0:006  Boot redirected to Entry 0. 'Boot macOS from macOS'
55:221  0:006  DefaultIndex=0 and MainMenu.EntryCount=8
58:208  2:987  exit from MainMenu 1
58:217  0:008  Boot option Boot0000 not found
58:223  0:006  === [ StartLoader ] =======================================
58:510  0:287  Finally: ExternalClock=26MHz BusSpeed=100014kHz CPUFreq=3601MHz PIS: hw.busfrequency=104000000Hz
58:524  0:013  Loading boot.efi  status=Success
58:607  0:082  GetOSVersion: 10.15.1 (19B88)
58:621  0:013  CSR_CFG: CSR_ALLOW_UNTRUSTED_KEXTS | CSR_ALLOW_UNRESTRICTED_FS | CSR_ALLOW_TASK_FOR_PID | CSR_ALLOW_UNRESTRICTED_DTRACE | CSR_ALLOW_UNRESTRICTED_NVRAM | CSR_ALLOW_DEVICE_CONFIGURATION | CSR_ALLOW_ANY_RECOVERY_OS | CSR_ALLOW_UNAPPROVED_KEXTS
58:628  0:006  Will not patch boot.efi
58:638  0:009  === [ PatchSmbios ] =======================================
58:923  0:284  insert table 9 for dev 0:0
58:929  0:006  insert table 9 for dev 0:1
58:936  0:006  insert table 9 for dev 0:0
58:943  0:006  Table 11 present, but rewritten for us
58:951  0:007  Trusting SMBIOS...
58:958  0:006  Channels: 2
58:965  0:006  Interleave: 0 2 1 3 4 6 5 7 8 10 9 11 12 14 13 15 16 18 17 19 20 22 21 23
59:143  0:177   partNum=CMK16GX4M2B3200C16  
59:150  0:006  SMBIOS Type 17 Index = 0 => 0 0:
59:159  0:009  BANK 0 DIMM0 3200MHz 8192MB
59:166  0:007   partNum=CMK16GX4M2B3200C16  
59:173  0:006  SMBIOS Type 17 Index = 1 => 2 2:
59:180  0:006  BANK 1 DIMM0 3200MHz 8192MB
59:187  0:006  SMBIOS Type 17 Index = 2 => 1 1:
59:193  0:006  BANK 0 DIMM1 EMPTY
59:201  0:007  SMBIOS Type 17 Index = 3 => 3 3:
59:208  0:007  BANK 1 DIMM1 EMPTY
59:215  0:006  mTotalSystemMemory = 16384
59:221  0:006  NumberOfMemoryDevices = 4
59:228  0:006  Type20[0]->End = 0x7FFFFF, Type17[0] = 0x2000
59:238  0:009  Type20[1]->End = 0xFFFFFF, Type17[1] = 0x6000
59:245  0:007  Table 131 is present, CPUType=31
59:252  0:006  Change to: 905
59:259  0:006  === [ PatchACPI ] =========================================
59:564  0:305  Xsdt reallocation done
59:571  0:006  old FADT length=114
59:578  0:006   SignatureFixup: 0xF66A27CE -> 0x0
59:585  0:007  Found OperationRegion(GNVS, SystemMemory, 3E53B000, ...)
59:592  0:007  Found OperationRegion(PNVA, SystemMemory, 3E5CEB98, ...)
59:599  0:007  Found OperationRegion(THBA, SystemMemory, FE200000, ...)
59:610  0:010  Found OperationRegion(BNVS, SystemMemory, 3E5A7000, ...)
59:617  0:007  Found OperationRegion(ABNV, SystemMemory, FFFF0000, ...)
59:624  0:006  Found OperationRegion(TMMB, SystemMemory, FED40000, ...)
59:631  0:007  Found OperationRegion(CRBD, SystemMemory, FED40000, ...)
59:638  0:006  Found OperationRegion(TPMR, SystemMemory, FFFFFFFF, ...)
59:645  0:007  Found OperationRegion(ATNV, SystemMemory, FFFF0000, ...)
59:654  0:008  DSDT found in Clover volume OEM folder: EFI\CLOVER\ACPI\patched\DSDT.aml
59:666  0:012  Apply DsdtFixMask=0x166610D5
59:673  0:007     drop _DSM mask=0xFFFF
59:680  0:006  === [ FixBiosDsdt ] =======================================
59:966  0:286    0 replacements
59:974  0:008  found RTC Length not match, Maybe will cause CMOS reset, will patch it.
59:981  0:006  found RTC had IRQNoFlag will move -3 bytes
59:989  0:007  found PIC had IRQNoFlag will move -3 bytes
59:996  0:006  Start HPET Fix
60:010  0:014   deleting device CRT_
60:018  0:007   deleting device DVI_
60:025  0:007   deleting device SPKR
60:033  0:007   deleting device ECP_
60:040  0:007   deleting device LPT_
60:048  0:007   deleting device FDC0
60:056  0:007   deleting device ECP1
60:063  0:007   deleting device LPT1
60:073  0:009    indirect name=PNVB
60:080  0:006  OperationRegion (THBA...) corrected from 0x0 to addr=0xFE200000
60:087  0:007    indirect name=TPMM
60:094  0:006    indirect name=FTPM
60:101  0:007    indirect name=PPIM
60:111  0:009  PreCleanup XSDT: count=21, length=204
60:118  0:006  PreCleanup XSDT, corrected XSDT: count=21, length=204
60:125  0:007  === [ ACPIPatchedAML ] ====================================
60:389  0:263  AutoMerge pass 1
60:396  0:007  Unsorted
60:403  0:006  Inserting SSDT-x1_6-HwpLvt.aml from EFI\CLOVER\ACPI\patched: ignore on pass 1
60:417  0:014  Inserting SSDT-x1_4-Cpu0Hwp.aml from EFI\CLOVER\ACPI\patched: ignore on pass 1
60:431  0:014  Inserting SSDT-x1_3-ApCst.aml from EFI\CLOVER\ACPI\patched: ignore on pass 1
60:448  0:016  Inserting SSDT-x1_2-Cpu0Cst.aml from EFI\CLOVER\ACPI\patched: ignore on pass 1
60:463  0:014  Inserting SSDT-x1_1-ApIst.aml from EFI\CLOVER\ACPI\patched: ignore on pass 1
60:477  0:014  Inserting SSDT-x1_0-Cpu0Ist.aml from EFI\CLOVER\ACPI\patched: ignore on pass 1
60:491  0:014  Inserting SSDT-8-A M I.aml from EFI\CLOVER\ACPI\patched: size=4094 @16 ... Success
60:521  0:029  Inserting SSDT-7-A M I.aml from EFI\CLOVER\ACPI\patched: size=10206 @15 ... Success
60:555  0:033  Inserting SSDT-6-A M I.aml from EFI\CLOVER\ACPI\patched: size=11547 @12 ... Success
60:584  0:029  Inserting SSDT-5-A M I.aml from EFI\CLOVER\ACPI\patched: size=3998 @11 ... Success
60:613  0:028  Inserting SSDT-4-A M I.aml from EFI\CLOVER\ACPI\patched: size=9054 @9 ... Success
60:642  0:029  Inserting SSDT-3-A M I.aml from EFI\CLOVER\ACPI\patched: size=12754 @8 ... Success
60:671  0:029  Inserting SSDT-2-A M I.aml from EFI\CLOVER\ACPI\patched: size=34449 @7 ... Success
60:705  0:033  Inserting SSDT-1-A M I.aml from EFI\CLOVER\ACPI\patched: size=6087 @6 ... Success
60:735  0:029  Inserting SSDT-0-A M I.aml from EFI\CLOVER\ACPI\patched: size=516 @5 ... Success
60:764  0:029  Inserting SSDT-x1_5-ApHwp.aml from EFI\CLOVER\ACPI\patched: ignore on pass 1
60:778  0:013  === [ ACPIDropTables ] ====================================
61:039  0:261    0 replacements
61:046  0:006    0 replacements
61:053  0:006  Found OperationRegion(PNVS, SystemMemory, 34E3C000, ...)
61:060  0:007    0 replacements
61:070  0:010  Found OperationRegion(GGGT, SystemMemory, 3E5CE118, ...)
61:077  0:007    0 replacements
61:084  0:007  Found OperationRegion(SANV, SystemMemory, 3E53FD18, ...)
61:091  0:007    0 replacements
61:098  0:006    0 replacements
61:105  0:006    0 replacements
61:112  0:006    0 replacements
61:119  0:007    0 replacements
61:129  0:010  === [ ACPIPatchedAML ] ====================================
61:395  0:266  AutoMerge pass 2
61:402  0:006  Unsorted
61:409  0:007  Inserting SSDT-x1_6-HwpLvt.aml from EFI\CLOVER\ACPI\patched: size=1828 ... Success
61:435  0:025  Inserting SSDT-x1_4-Cpu0Hwp.aml from EFI\CLOVER\ACPI\patched: size=283 ... Success
61:457  0:021  Inserting SSDT-x1_3-ApCst.aml from EFI\CLOVER\ACPI\patched: size=778 ... Success
61:479  0:022  Inserting SSDT-x1_2-Cpu0Cst.aml from EFI\CLOVER\ACPI\patched: size=1024 ... Success
61:501  0:022  Inserting SSDT-x1_1-ApIst.aml from EFI\CLOVER\ACPI\patched: size=3825 ... Success
61:523  0:022  Inserting SSDT-x1_0-Cpu0Ist.aml from EFI\CLOVER\ACPI\patched: size=1316 ... Success
61:549  0:025  Inserting SSDT-x1_5-ApHwp.aml from EFI\CLOVER\ACPI\patched: size=791 ... Success
61:571  0:022  ApicCPUNum=1
61:578  0:007  Maximum control=0x24
61:585  0:006  Turbo control=0x2A
61:592  0:006  P-States: min 0x8, max 0x2A
61:599  0:007  SSDT with plugin-type without P-States is generated
61:606  0:006  Cleanup XSDT: count=29, length=268
61:613  0:007  corrected XSDT count=29, length=268
61:620  0:006  === [ RestSetup macOS ] ===================================
61:878  0:258  ATI injection not set
61:885  0:007   RCBA disabled; cannot use it
61:893  0:007  stringlength = 726
61:900  0:007  CurrentMode: Width=1920 Height=1080
61:906  0:006  Beginning FSInjection
61:919  0:012  Use origin smbios table type 1 guid.
61:931  0:011  Preparing kexts injection for arch=x86_64 from EFI\CLOVER\kexts\Other
61:938  0:007  Extra kext: EFI\CLOVER\kexts\Other\VirtualSMC.kext (v.1.0.9)
61:954  0:015  Extra kext: EFI\CLOVER\kexts\Other\USBInjectAll.kext (v.0.7.1)
62:100  0:146  Extra kext: EFI\CLOVER\kexts\Other\SMCProcessor.kext (v.1.0.9)
62:115  0:014  Extra kext: EFI\CLOVER\kexts\Other\RealtekRTL8111.kext (v.2.2.2)
62:129  0:014  Extra kext: EFI\CLOVER\kexts\Other\WhateverGreen.kext (v.1.3.4)
62:146  0:016  Extra kext: EFI\CLOVER\kexts\Other\SMCSuperIO.kext (v.1.0.9)
62:161  0:015  Extra kext: EFI\CLOVER\kexts\Other\AppleALC.kext (v.1.4.3)
62:570  0:408  Extra kext: EFI\CLOVER\kexts\Other\Lilu.kext (v.1.3.9)
62:587  0:017  Preparing kexts injection for arch=x86_64 from EFI\CLOVER\kexts\Off
62:598  0:011  Preparing kexts injection for arch=x86_64 from EFI\CLOVER\kexts\10.15
62:606  0:008  SetStartupDiskVolume:
62:613  0:007    * Volume: 'macOS'
62:620  0:006    * LoaderPath: '<null string>'
62:627  0:006    * DevPath: macOS
62:634  0:007    * GUID = B30786DA-E210-4F43-B70F-576B68A584F7
62:641  0:007    * efi-boot-device: <array><dict><key>IOMatch</key><dict><key>IOProviderClass</key><string>IOMedia</string><key>IOPropertyMatch</key><dict><key>UUID</key><string>B30786DA-E210-4F43-B70F-576B68A584F7</string></dict></dict></dict></array>
62:651  0:009  Custom boot screen not used because entry has unset use graphics
62:659  0:008  Closing log
0:100  0:100  MemLog inited, TSC freq: 3601625860
0:100  0:000  CPU was calibrated with RTC
0:100  0:000  
0:100  0:000  Now is 27.11.2019,  18:36:33 (GMT)
0:100  0:000  Starting Clover revision: 5099 (master, commit 6852bd3a) on American Megatrends EFI
0:100  0:000  Build with: [Args: -D NO_GRUB_DRIVERS_EMBEDDED -t GCC53 | -D NO_GRUB_DRIVERS_EMBEDDED --conf=/Users/sergey/src/Clover/Conf -D USE_LOW_EBDA -a X64 -b RELEASE -t GCC53 -n 5 | OS: 10.14.6]
0:100  0:000  SelfDevicePath=PciRoot(0x0)\Pci(0x17,0x0)\Sata(0x2,0xFFFF,0x0)\HD(1,GPT,CC961412-6621-4759-AAAA-830666C9E3AD,0x28,0x64000) @39D5D998
0:100  0:000  SelfDirPath = \EFI\BOOT
0:104  0:004  SimpleTextEx Status=Success
0:104  0:000  === [ Get Smbios ] ========================================
0:104  0:000  Type 16 Index = 0
0:104  0:000  Total Memory Slots Count = 4
0:104  0:000  Type 17 Index = 0
0:104  0:000  SmbiosTable.Type17->Speed = 3200MHz
0:104  0:000  SmbiosTable.Type17->Size = 8192MB
0:104  0:000  SmbiosTable.Type17->Bank/Device = BANK 0 ChannelA-DIMM0
0:104  0:000  SmbiosTable.Type17->Vendor = 029E
0:104  0:000  SmbiosTable.Type17->SerialNumber = 00000000
0:104  0:000  SmbiosTable.Type17->PartNumber = CMK16GX4M2B3200C16  
0:104  0:000  Type 17 Index = 1
0:104  0:000  Ignoring insane frequency value 0MHz
0:104  0:000  SmbiosTable.Type17->Speed = 0MHz
0:104  0:000  SmbiosTable.Type17->Size = 0MB
0:104  0:000  SmbiosTable.Type17->Bank/Device = BANK 1 ChannelA-DIMM1
0:104  0:000  SmbiosTable.Type17->Vendor = <null string>
0:104  0:000  SmbiosTable.Type17->SerialNumber = <null string>
0:104  0:000  SmbiosTable.Type17->PartNumber = <null string>
0:104  0:000  Type 17 Index = 2
0:104  0:000  SmbiosTable.Type17->Speed = 3200MHz
0:104  0:000  SmbiosTable.Type17->Size = 8192MB
0:104  0:000  SmbiosTable.Type17->Bank/Device = BANK 2 ChannelB-DIMM0
0:104  0:000  SmbiosTable.Type17->Vendor = 029E
0:104  0:000  SmbiosTable.Type17->SerialNumber = 00000000
0:104  0:000  SmbiosTable.Type17->PartNumber = CMK16GX4M2B3200C16  
0:104  0:000  Type 17 Index = 3
0:104  0:000  Ignoring insane frequency value 0MHz
0:104  0:000  SmbiosTable.Type17->Speed = 0MHz
0:104  0:000  SmbiosTable.Type17->Size = 0MB
0:104  0:000  SmbiosTable.Type17->Bank/Device = BANK 3 ChannelB-DIMM1
0:104  0:000  SmbiosTable.Type17->Vendor = <null string>
0:104  0:000  SmbiosTable.Type17->SerialNumber = <null string>
0:104  0:000  SmbiosTable.Type17->PartNumber = <null string>
0:104  0:000  Boot status=0
0:104  0:000  Running on: 'Z390 D' with board 'Z390 D'
0:104  0:000  === [ GetCPUProperties ] ==================================
0:104  0:000  CPU Vendor = 756E6547 Model=906EB
0:104  0:000   The CPU supported SSE4.1
0:104  0:000  BrandString = Intel(R) Core(TM) i3-9100F CPU @ 3.60GHz
0:104  0:000   The CPU supported turbo
0:104  0:000  MSR 0x35               40004
0:104  0:000   TSC/CCC Information Leaf:
0:104  0:000    numerator     : 300
0:104  0:000    denominator   : 2
0:104  0:000   Calibrated ARTFrequency: 24010839
0:104  0:000   Rounded ARTFrequency: 24000000
0:104  0:000  MSR 0xE2 before patch 1E008000
0:104  0:000  MSR 0xE2 is locked, PM patches will be turned on
0:104  0:000  MSR 0xCE              00080838_F1012400
0:104  0:000  corrected FLEX_RATIO = 0
0:104  0:000  FSBFrequency = 110 MHz, DMI FSBFrequency = 100 MHz, Corrected FSBFrequency = 100 MHz
0:104  0:000  MaxDiv/MinDiv: 36.0/8
0:104  0:000  Turbo: 40/41/41/42
0:104  0:000  Features: 0xBFEBFBFF
0:104  0:000  Threads: 4
0:104  0:000  Cores: 4
0:104  0:000  FSB: 100 MHz
0:104  0:000  CPU: 3960 MHz
0:104  0:000  TSC: 3960 MHz
0:104  0:000  PIS: 100 MHz
0:104  0:000  ExternalClock: 25 MHz
0:104  0:000  === [ GetDevices ] ========================================
0:104  0:000  GOP found at: PciRoot(0x0)/Pci(0x1,0x0)/Pci(0x0,0x0)/AcpiAdr(0x80010100)
0:104  0:000  PCI (00|00:00.00) : 8086 3E1F class=060000
0:104  0:000  PCI (00|00:01.00) : 8086 1901 class=060400
0:104  0:000  PCI (00|01:00.00) : 1002 67DF class=030000
0:104  0:000   - GOP: Provided by device
0:104  0:000   - GFX: Model=AMD Radeon RX 480 (ATI/AMD)
0:104  0:000  PCI (00|01:00.01) : 1002 AAF0 class=040300
0:104  0:000   - HDMI Audio: 
0:104  0:000  PCI (00|00:12.00) : 8086 A379 class=118000
0:104  0:000  PCI (00|00:14.00) : 8086 A36D class=0C0330
0:104  0:000  PCI (00|00:14.02) : 8086 A36F class=050000
0:104  0:000  PCI (00|00:16.00) : 8086 A360 class=078000
0:104  0:000  PCI (00|00:17.00) : 8086 A352 class=010601
0:104  0:000  PCI (00|00:1B.00) : 8086 A340 class=060400
0:104  0:000  PCI (00|00:1C.00) : 8086 A338 class=060400
0:105  0:000  PCI (00|00:1C.02) : 8086 A33A class=060400
0:105  0:000  PCI (00|04:00.00) : 10EC 8168 class=020000
0:105  0:000   - LAN: 0 Vendor=Realtek
0:105  0:000  PCI (00|00:1D.00) : 8086 A330 class=060400
0:105  0:000  PCI (00|00:1F.00) : 8086 A305 class=060100
0:105  0:000  PCI (00|00:1F.03) : 8086 A348 class=040300
0:105  0:000  PCI (00|00:1F.04) : 8086 A323 class=0C0500
0:105  0:000  PCI (00|00:1F.05) : 8086 A324 class=0C8000
0:105  0:000  === [ GetDefaultSettings ] ================================
0:105  0:000  Clover load options size = 0 bytes
0:111  0:006  EFI\CLOVER\config.plist loaded: Success
0:111  0:000  === [ GetListOfThemes ] ===================================
0:113  0:002  - [00]: random
0:116  0:002  - [00]: embedded
0:118  0:002  === [ Found config plists ] ===============================
0:120  0:001  - config.plist
0:121  0:001  - config4.plist
0:122  0:001  - config3.plist
0:123  0:001  - config5.plist
0:124  0:000  === [ GetEarlyUserSettings ] ==============================
0:124  0:000  timeout set to 3
0:124  0:000  Custom boot CUSTOM_BOOT_DISABLED (0x0)
0:135  0:010  Hiding entries with string Video
0:142  0:006  Hiding entries with string \EFI\BOOT\BOOTX64.EFI
0:149  0:007  Hiding entries with string AppleHDD
0:159  0:009  Hiding entries with string Game
0:165  0:006  Hiding entries with string MyDoc
0:172  0:006  Hiding entries with string Preboot
0:179  0:006  Hiding entries with string Recovery
0:186  0:007  === [ LoadDrivers ] =======================================
0:479  0:292  Loading FSInject.efi  status=Success
0:504  0:025  Loading HFSPlus.efi  status=Success
0:527  0:023   - driver needs connecting
0:534  0:007  Loading VirtualSmc.efi  status=Success
0:560  0:025  Loading ApfsDriverLoader.efi  status=Success
0:587  0:027   - driver needs connecting
0:594  0:007  Loading AptioMemoryFix.efi  status=Success
0:619  0:025  2 drivers needs connecting ...
0:627  0:007  PlatformDriverOverrideProtocol->GetDriver overriden
0:634  0:006  HFS+ driver loaded
0:640  0:006  APFS driver loaded
0:647  0:006  Searching for invalid DiskIo BY_DRIVER connects: not found, all ok
1:054  0:406  === [ InitScreen ] ========================================
1:353  0:299  Console modes reported: 6, available modes:
1:363  0:009   - [01]: 80x25 (current mode)
1:370  0:007   - [02]: 80x50
1:377  0:007   - [03]: 100x31
1:384  0:006   - [04]: 127x33
1:391  0:007   - [06]: 120x50
1:398  0:006  SetScreenResolution: 1920x1080 - setting Mode 5
1:510  0:112  Video mode change to mode #5: Success
1:517  0:006  reinit: self device path=PciRoot(0x0)\Pci(0x17,0x0)\Sata(0x2,0xFFFF,0x0)\HD(1,GPT,CC961412-6621-4759-AAAA-830666C9E3AD,0x28,0x64000)
1:526  0:009  Using embedded font: Success
1:534  0:007  === [ GetMacAddress ] =====================================
1:807  0:272  MAC address of LAN #0= B4:2E:99:82:CE:08:
1:862  0:054  === [ ScanSPD ] ===========================================
2:177  0:315  Scanning SMBus [8086:A323], mmio: 0x50518004, ioport: 0xEFA0, hostc: 0x11
2:202  0:025  Slot: 0 Type 26 8192MB 3200MHz Vendor=Corsair PartNo=CMK16GX4M2B3200C16 SerialNo=0000000000000000
2:228  0:025  Slot: 2 Type 26 8192MB 3200MHz Vendor=Corsair PartNo=CMK16GX4M2B3200C16 SerialNo=0000000000000000
2:235  0:007  === [ GetAcpiTablesList ] =================================
2:483  0:247  Get Acpi Tables List from RSDT:
2:497  0:014   - [00]: FACP  A M I len=132
2:504  0:006   - [01]: APIC  A M I len=132
2:511  0:007   - [02]: FPDT  A M I len=68
2:518  0:006   - [03]: FIDT  A M I len=156
2:525  0:006   - [04]: MCFG  A M I len=60
2:532  0:006   - [05]: SSDT  A M I len=516
2:539  0:007   - [06]: SSDT  A M I len=6101
2:546  0:006   - [07]: SSDT  A M I len=34306
2:553  0:006   - [08]: SSDT  A M I len=12743
2:560  0:007   - [09]: SSDT  A M I len=9048
2:570  0:010   - [10]: HPET  A M I len=56
2:577  0:006   - [11]: SSDT  A M I len=3998
2:584  0:006   - [12]: SSDT  A M I len=11547
2:590  0:006   - [13]: UEFI  A M I len=66
2:598  0:007   - [14]: LPIT  A M I len=92
2:604  0:006   - [15]: SSDT  A M I len=10206
2:611  0:006   - [16]: SSDT  A M I len=4094
2:618  0:006   - [17]: DBGP  A M I len=52
2:625  0:006   - [18]: DBG2  A M I len=84
2:632  0:007   - [19]: BGRT  A M I len=56
2:639  0:007   - [20]: WSMT  A M I len=40
2:649  0:009  Calibrated TSC Frequency = 3601625860 = 3601MHz
2:656  0:007  === [ GetUserSettings ] ===================================
2:918  0:262  USB FixOwnership: yes
2:925  0:007  Dropping 2 tables:
2:933  0:007   - [00]: Drop table  signature="DMAR" (52414D44)
2:988  0:055           - set table: 52414D44,                0 to drop: no
3:002  0:014   - [01]: Drop table  signature="MATS" (5354414D)
3:059  0:056           - set table: 5354414D,                0 to drop: no
3:072  0:013   - final DSDT Fix mask=166610D5
3:082  0:010  Using ProductName from config: iMac19,2
3:089  0:006  Found same BiosVersion in clover and config
3:096  0:007  BiosVersion: IM191.88Z.F000.B00.1910301745
3:103  0:006  BiosReleaseDate: 10/30/2019
3:110  0:006  Using EfiVersion from clover: 1037.60.50.0.0
3:117  0:007  Using FirmwareFeatures from config: 0xFD8FF576
3:124  0:007  Using FirmwareFeaturesMask from config: 0xFFDFFF7F
3:131  0:006  Board-ID set from config as Mac-63001698E7A34814
3:138  0:006  BoardType: 0xA
3:148  0:009  ChassisType: 0x9
3:155  0:006  Converted CustomUUID 1AD00F26-5543-45B7-8FA4-0D25C1CE35D3
3:164  0:009  === [ Found DSDT tables ] =================================
3:411  0:246  - DSDT.aml
3:813  0:401  === [ ScanVolumes ] =======================================
4:103  0:290  Found 14 volumes with blockIO
4:110  0:007  - [00]: Volume: PciRoot(0x0)\Pci(0x14,0x0)\USB(0x2,0x0)
4:125  0:014          USB volume
4:132  0:007  - [01]: Volume: PciRoot(0x0)\Pci(0x14,0x0)\USB(0x2,0x0)\HD(1,GPT,1DEE4863-7B24-4B0C-A024-25DF843C2F62,0x28,0x64000)
4:150  0:017          Result of bootcode detection: bootable unknown (legacy)
4:157  0:007          USB volume
4:165  0:007  - [02]: Volume: PciRoot(0x0)\Pci(0x14,0x0)\USB(0x2,0x0)\HD(2,GPT,A4E85B63-8FCB-4867-8108-5C9A94319CA2,0x64028,0x3A2E1FE0)
4:179  0:013          USB volume
4:186  0:007  - [03]: Volume: PciRoot(0x0)\Pci(0x17,0x0)\Sata(0x2,0xFFFF,0x0)
4:200  0:014  - [04]: Volume: PciRoot(0x0)\Pci(0x17,0x0)\Sata(0x4,0xFFFF,0x0)
4:218  0:017          Result of bootcode detection: bootable unknown (legacy)
4:225  0:006  - [05]: Volume: PciRoot(0x0)\Pci(0x17,0x0)\Sata(0x2,0xFFFF,0x0)\HD(1,GPT,CC961412-6621-4759-AAAA-830666C9E3AD,0x28,0x64000)
4:240  0:014          Result of bootcode detection: bootable unknown (legacy)
4:247  0:007          This is SelfVolume !!
4:254  0:007  - [06]: Volume: PciRoot(0x0)\Pci(0x17,0x0)\Sata(0x2,0xFFFF,0x0)\HD(2,GPT,B30786DA-E210-4F43-B70F-576B68A584F7,0x64028,0x1D121920)
4:269  0:014          Result of bootcode detection: bootable unknown (legacy)
4:279  0:009  - [07]: Volume: PciRoot(0x0)\Pci(0x17,0x0)\Sata(0x4,0xFFFF,0x0)\HD(1,GPT,F957AC43-A33D-43EA-B463-F7A4BC29E1C3,0x1F704000,0x1AC82000)
4:294  0:014          Result of bootcode detection: bootable Windows (vista,win)
4:301  0:007  - [08]: Volume: PciRoot(0x0)\Pci(0x17,0x0)\Sata(0x4,0xFFFF,0x0)\HD(2,GPT,F17B3F40-4239-4C2C-8149-D46088247B25,0x800,0x1F703800)
4:315  0:014  - [09]: Volume: PciRoot(0x0)\Pci(0x17,0x0)\Sata(0x2,0xFFFF,0x0)\HD(2,GPT,B30786DA-E210-4F43-B70F-576B68A584F7,0x64028,0x1D121920)\VenMedia(BE74FCF7-0B7C-49F3-9147-01F4042E6842,E11176DF8CA28048BEF9E9393132853F)
4:332  0:016          hiding this volume
4:339  0:007  - [10]: Volume: PciRoot(0x0)\Pci(0x17,0x0)\Sata(0x2,0xFFFF,0x0)\HD(2,GPT,B30786DA-E210-4F43-B70F-576B68A584F7,0x64028,0x1D121920)\VenMedia(BE74FCF7-0B7C-49F3-9147-01F4042E6842,FB1209AEE9BAF8389BB0DB3501A706AF)
4:353  0:014  - [11]: Volume: PciRoot(0x0)\Pci(0x17,0x0)\Sata(0x2,0xFFFF,0x0)\HD(2,GPT,B30786DA-E210-4F43-B70F-576B68A584F7,0x64028,0x1D121920)\VenMedia(BE74FCF7-0B7C-49F3-9147-01F4042E6842,F3374051DA9FE147AD6BDC74DCAA5238)
4:369  0:016          hiding this volume
4:376  0:007  - [12]: Volume: PciRoot(0x0)\Pci(0x17,0x0)\Sata(0x2,0xFFFF,0x0)\HD(2,GPT,B30786DA-E210-4F43-B70F-576B68A584F7,0x64028,0x1D121920)\VenMedia(BE74FCF7-0B7C-49F3-9147-01F4042E6842,CB644E09E4699E42BF1CA6E827305884)
4:390  0:013  - [13]: Volume: PciRoot(0x0)\Pci(0x17,0x0)\Sata(0x2,0xFFFF,0x0)\HD(2,GPT,B30786DA-E210-4F43-B70F-576B68A584F7,0x64028,0x1D121920)\VenMedia(BE74FCF7-0B7C-49F3-9147-01F4042E6842,37E1152428C2B448A6C914348D3C7223)
4:407  0:016  No AudioIoProtocols, status=Not Found
4:414  0:006  === [ InitTheme ] =========================================
4:713  0:299  use daylight theme
4:720  0:007   using embedded theme
4:727  0:007  got embedded sound
4:734  0:007    Channels: 2  Sample rate: 8000 Hz  Bits: 16
4:741  0:006  output to channel 0 with volume 70, len=25600
4:748  0:007   sound channels=2 bits=16 freq=8000
4:756  0:007  sound converted to 48kHz
4:766  0:010  not found AudioIo to play
4:773  0:006  sound play end with status=Not Found
4:780  0:007  Using embedded font: Success
4:787  0:007  theme inited
4:794  0:007  Chosen embedded theme
4:801  0:007  after NVRAM boot-args=-v debug=0x100 keepsyms=1 alcid=3 dart=0
4:808  0:007  === [ Dump SMC keys from NVRAM ] ==========================
5:009  0:200  found AppleSMC protocol
5:029  0:020  === [ ScanLoader ] ========================================
5:321  0:291  - [01]: 'EFI'
5:338  0:016  - [02]: 'Time Machine'
5:354  0:016  - [05]: 'EFI'
5:398  0:044          AddLoaderEntry for Volume Name=EFI
5:405  0:006          skipped because entry is hidden
5:413  0:007  - [07]: 'WData'
5:427  0:013  - [08]: 'Data'
5:441  0:014  - [09]: 'Preboot', hidden
5:455  0:014  - [10]: 'macOS - Data'
5:474  0:018  - [11]: 'Recovery', hidden
5:488  0:014  - [12]: 'VM'
5:503  0:014  - [13]: 'macOS'
5:539  0:036          AddLoaderEntry for Volume Name=macOS
5:552  0:013      Check if volume Is Hibernated:
5:562  0:009      Check sleep image 'by signature':
5:570  0:008      using default sleep image name = \private\var\vm\sleepimage
5:577  0:007      sleepimage not found -> Not Found
5:584  0:007      hibernated: no - sign
5:596  0:011  Scanning legacy ...
5:602  0:006   7: 'WData' (vista,win) add legacy
5:617  0:014   added 'Boot Windows from WData' OSType=2 Icon=vista,win
5:624  0:006  === [ AddCustomTool ] =====================================
5:901  0:276  found tool \EFI\CLOVER\tools\Shell64U.efi
5:910  0:009  Checking EFI partition Volume 1 for Clover
5:918  0:007  Checking EFI partition Volume 5 for Clover
5:927  0:009   Found Clover
5:935  0:007  === [ GetEfiBootDeviceFromNvram ] =========================
6:124  0:189   - efi-boot-device-data: PciRoot(0x0)\Pci(0x17,0x0)\Sata(0x2,0xFFFF,0x0)\HD(2,GPT,B30786DA-E210-4F43-B70F-576B68A584F7,0x64028,0x1D121920)\VenMedia(BE74FCF7-0B7C-49F3-9147-01F4042E6842,37E1152428C2B448A6C914348D3C7223)
6:131  0:007    - Volume: 'PciRoot(0x0)\Pci(0x17,0x0)\Sata(0x2,0xFFFF,0x0)\HD(2,GPT,B30786DA-E210-4F43-B70F-576B68A584F7,0x64028,0x1D121920)\VenMedia(BE74FCF7-0B7C-49F3-9147-01F4042E6842,37E1152428C2B448A6C914348D3C7223)'
6:141  0:009    - LoaderPath: '<null string>'
6:148  0:006    - Guid = B30786DA-E210-4F43-B70F-576B68A584F7
6:155  0:006  === [ FindStartupDiskVolume ] =============================
6:371  0:216    - Volume: partition = PciRoot(0x0)\Pci(0x17,0x0)\Sata(0x2,0xFFFF,0x0)\HD(2,GPT,B30786DA-E210-4F43-B70F-576B68A584F7,0x64028,0x1D121920)\VenMedia(BE74FCF7-0B7C-49F3-9147-01F4042E6842,37E1152428C2B448A6C914348D3C7223)
6:381  0:009     - searching for that partition
6:388  0:006      - found entry 0. 'Boot macOS from macOS', Volume 'macOS'
6:395  0:006  Boot redirected to Entry 0. 'Boot macOS from macOS'
6:401  0:006  DefaultIndex=0 and MainMenu.EntryCount=8
6:483  0:081  GUI ready
8:045  1:562  exit from MainMenu 1
17:563  9:517  ReinitSelfLib after theme change
17:570  0:006  reinit: self device path=PciRoot(0x0)\Pci(0x17,0x0)\Sata(0x2,0xFFFF,0x0)\HD(1,GPT,CC961412-6621-4759-AAAA-830666C9E3AD,0x28,0x64000)
17:581  0:011  === [ ScanVolumes ] =======================================
17:870  0:288  Found 14 volumes with blockIO
17:877  0:006  - [00]: Volume: PciRoot(0x0)\Pci(0x14,0x0)\USB(0x2,0x0)
17:891  0:014          USB volume
17:899  0:007  - [01]: Volume: PciRoot(0x0)\Pci(0x14,0x0)\USB(0x2,0x0)\HD(1,GPT,1DEE4863-7B24-4B0C-A024-25DF843C2F62,0x28,0x64000)
17:913  0:014          Result of bootcode detection: bootable unknown (legacy)
17:923  0:009          USB volume
17:930  0:006  - [02]: Volume: PciRoot(0x0)\Pci(0x14,0x0)\USB(0x2,0x0)\HD(2,GPT,A4E85B63-8FCB-4867-8108-5C9A94319CA2,0x64028,0x3A2E1FE0)
17:944  0:014          USB volume
17:951  0:007  - [03]: Volume: PciRoot(0x0)\Pci(0x17,0x0)\Sata(0x2,0xFFFF,0x0)
17:966  0:014  - [04]: Volume: PciRoot(0x0)\Pci(0x17,0x0)\Sata(0x4,0xFFFF,0x0)
17:981  0:014          Result of bootcode detection: bootable unknown (legacy)
17:988  0:006  - [05]: Volume: PciRoot(0x0)\Pci(0x17,0x0)\Sata(0x2,0xFFFF,0x0)\HD(1,GPT,CC961412-6621-4759-AAAA-830666C9E3AD,0x28,0x64000)
18:005  0:017          Result of bootcode detection: bootable unknown (legacy)
18:013  0:007          This is SelfVolume !!
18:020  0:007  - [06]: Volume: PciRoot(0x0)\Pci(0x17,0x0)\Sata(0x2,0xFFFF,0x0)\HD(2,GPT,B30786DA-E210-4F43-B70F-576B68A584F7,0x64028,0x1D121920)
18:035  0:014          Result of bootcode detection: bootable unknown (legacy)
18:042  0:007  - [07]: Volume: PciRoot(0x0)\Pci(0x17,0x0)\Sata(0x4,0xFFFF,0x0)\HD(1,GPT,F957AC43-A33D-43EA-B463-F7A4BC29E1C3,0x1F704000,0x1AC82000)
18:060  0:017          Result of bootcode detection: bootable Windows (vista,win)
18:067  0:007  - [08]: Volume: PciRoot(0x0)\Pci(0x17,0x0)\Sata(0x4,0xFFFF,0x0)\HD(2,GPT,F17B3F40-4239-4C2C-8149-D46088247B25,0x800,0x1F703800)
18:081  0:014  - [09]: Volume: PciRoot(0x0)\Pci(0x17,0x0)\Sata(0x2,0xFFFF,0x0)\HD(2,GPT,B30786DA-E210-4F43-B70F-576B68A584F7,0x64028,0x1D121920)\VenMedia(BE74FCF7-0B7C-49F3-9147-01F4042E6842,E11176DF8CA28048BEF9E9393132853F)
18:099  0:017          hiding this volume
18:106  0:007  - [10]: Volume: PciRoot(0x0)\Pci(0x17,0x0)\Sata(0x2,0xFFFF,0x0)\HD(2,GPT,B30786DA-E210-4F43-B70F-576B68A584F7,0x64028,0x1D121920)\VenMedia(BE74FCF7-0B7C-49F3-9147-01F4042E6842,FB1209AEE9BAF8389BB0DB3501A706AF)
18:120  0:014  - [11]: Volume: PciRoot(0x0)\Pci(0x17,0x0)\Sata(0x2,0xFFFF,0x0)\HD(2,GPT,B30786DA-E210-4F43-B70F-576B68A584F7,0x64028,0x1D121920)\VenMedia(BE74FCF7-0B7C-49F3-9147-01F4042E6842,F3374051DA9FE147AD6BDC74DCAA5238)
18:138  0:017          hiding this volume
18:145  0:007  - [12]: Volume: PciRoot(0x0)\Pci(0x17,0x0)\Sata(0x2,0xFFFF,0x0)\HD(2,GPT,B30786DA-E210-4F43-B70F-576B68A584F7,0x64028,0x1D121920)\VenMedia(BE74FCF7-0B7C-49F3-9147-01F4042E6842,CB644E09E4699E42BF1CA6E827305884)
18:159  0:013  - [13]: Volume: PciRoot(0x0)\Pci(0x17,0x0)\Sata(0x2,0xFFFF,0x0)\HD(2,GPT,B30786DA-E210-4F43-B70F-576B68A584F7,0x64028,0x1D121920)\VenMedia(BE74FCF7-0B7C-49F3-9147-01F4042E6842,37E1152428C2B448A6C914348D3C7223)
18:176  0:017  No AudioIoProtocols, status=Not Found
18:183  0:006  theme inited
18:190  0:007  Chosen embedded theme
18:197  0:007  after NVRAM boot-args=-v debug=0x100 keepsyms=1 alcid=3 dart=0
18:204  0:007  === [ ScanLoader ] ========================================
18:497  0:292  - [01]: 'EFI'
18:511  0:013  - [02]: 'Time Machine'
18:527  0:015  - [05]: 'EFI'
18:573  0:046          AddLoaderEntry for Volume Name=EFI
18:580  0:006          skipped because entry is hidden
18:587  0:007  - [07]: 'WData'
18:604  0:017  - [08]: 'Data'
18:619  0:014  - [09]: 'Preboot', hidden
18:633  0:014  - [10]: 'macOS - Data'
18:648  0:014  - [11]: 'Recovery', hidden
18:662  0:013  - [12]: 'VM'
18:676  0:013  - [13]: 'macOS'
18:690  0:014          AddLoaderEntry for Volume Name=macOS
18:698  0:007      Check if volume Is Hibernated:
18:705  0:007      Check sleep image 'by signature':
18:712  0:006      using default sleep image name = \private\var\vm\sleepimage
18:719  0:007      sleepimage not found -> Not Found
18:729  0:009      hibernated: no - sign
18:740  0:010  Scanning legacy ...
18:747  0:006   7: 'WData' (vista,win) add legacy
18:761  0:014   added 'Boot Windows from WData' OSType=2 Icon=vista,win
18:768  0:006  === [ AddCustomTool ] =====================================
19:039  0:270  found tool \EFI\CLOVER\tools\Shell64U.efi
19:046  0:007  Checking EFI partition Volume 1 for Clover
19:053  0:007  Checking EFI partition Volume 5 for Clover
19:062  0:008   Found Clover
19:068  0:006  === [ GetEfiBootDeviceFromNvram ] =========================
19:259  0:190  === [ FindStartupDiskVolume ] =============================
19:479  0:219    - Volume: partition = PciRoot(0x0)\Pci(0x17,0x0)\Sata(0x2,0xFFFF,0x0)\HD(2,GPT,B30786DA-E210-4F43-B70F-576B68A584F7,0x64028,0x1D121920)\VenMedia(BE74FCF7-0B7C-49F3-9147-01F4042E6842,37E1152428C2B448A6C914348D3C7223)
19:486  0:007     - searching for that partition
19:493  0:007      - found entry 0. 'Boot macOS from macOS', Volume 'macOS'
19:500  0:006  Boot redirected to Entry 0. 'Boot macOS from macOS'
19:510  0:010  DefaultIndex=0 and MainMenu.EntryCount=8
20:093  0:582  exit from MainMenu 1
20:101  0:008  Boot option Boot0000 not found
20:108  0:006  === [ StartLoader ] =======================================
20:396  0:287  Finally: ExternalClock=26MHz BusSpeed=100046kHz CPUFreq=3602MHz PIS: hw.busfrequency=104000000Hz
20:410  0:014  Loading boot.efi  status=Success
20:493  0:082  GetOSVersion: 10.15.1 (19B88)
20:507  0:014  CSR_CFG: CSR_ALLOW_UNTRUSTED_KEXTS | CSR_ALLOW_UNRESTRICTED_FS | CSR_ALLOW_TASK_FOR_PID | CSR_ALLOW_UNRESTRICTED_DTRACE | CSR_ALLOW_UNRESTRICTED_NVRAM | CSR_ALLOW_DEVICE_CONFIGURATION | CSR_ALLOW_ANY_RECOVERY_OS | CSR_ALLOW_UNAPPROVED_KEXTS
20:517  0:009  Will not patch boot.efi
20:524  0:006  === [ PatchSmbios ] =======================================
20:814  0:289  insert table 9 for dev 0:0
20:821  0:006  insert table 9 for dev 0:1
20:827  0:006  insert table 9 for dev 0:0
20:834  0:006  Table 11 present, but rewritten for us
20:845  0:010  Trusting SMBIOS...
20:852  0:006  Channels: 2
20:858  0:006  Interleave: 0 2 1 3 4 6 5 7 8 10 9 11 12 14 13 15 16 18 17 19 20 22 21 23
21:040  0:181   partNum=CMK16GX4M2B3200C16  
21:047  0:007  SMBIOS Type 17 Index = 0 => 0 0:
21:055  0:007  BANK 0 DIMM0 3200MHz 8192MB
21:061  0:006   partNum=CMK16GX4M2B3200C16  
21:068  0:006  SMBIOS Type 17 Index = 1 => 2 2:
21:075  0:006  BANK 1 DIMM0 3200MHz 8192MB
21:082  0:007  SMBIOS Type 17 Index = 2 => 1 1:
21:089  0:006  BANK 0 DIMM1 EMPTY
21:099  0:009  SMBIOS Type 17 Index = 3 => 3 3:
21:106  0:007  BANK 1 DIMM1 EMPTY
21:113  0:006  mTotalSystemMemory = 16384
21:120  0:007  NumberOfMemoryDevices = 4
21:127  0:007  Type20[0]->End = 0x7FFFFF, Type17[0] = 0x2000
21:134  0:006  Type20[1]->End = 0xFFFFFF, Type17[1] = 0x6000
21:141  0:006  Table 131 is present, CPUType=31
21:148  0:007  Change to: 905
21:155  0:007  === [ PatchACPI ] =========================================
21:460  0:304  Xsdt reallocation done
21:470  0:010  old FADT length=114
21:477  0:007   SignatureFixup: 0xF66A27CE -> 0x0
21:485  0:007  Found OperationRegion(GNVS, SystemMemory, 3E53B000, ...)
21:492  0:007  Found OperationRegion(PNVA, SystemMemory, 3E5CEB98, ...)
21:499  0:007  Found OperationRegion(THBA, SystemMemory, FE200000, ...)
21:507  0:007  Found OperationRegion(BNVS, SystemMemory, 3E5A7000, ...)
21:514  0:007  Found OperationRegion(ABNV, SystemMemory, FFFF0000, ...)
21:521  0:006  Found OperationRegion(TMMB, SystemMemory, FED40000, ...)
21:531  0:009  Found OperationRegion(CRBD, SystemMemory, FED40000, ...)
21:540  0:009  Found OperationRegion(TPMR, SystemMemory, FFFFFFFF, ...)
21:547  0:007  Found OperationRegion(ATNV, SystemMemory, FFFF0000, ...)
21:556  0:008  DSDT found in Clover volume OEM folder: EFI\CLOVER\ACPI\patched\DSDT.aml
21:565  0:009  Apply DsdtFixMask=0x166610D5
21:573  0:007     drop _DSM mask=0xFFFF
21:580  0:007  === [ FixBiosDsdt ] =======================================
21:868  0:287    0 replacements
21:879  0:011  found RTC Length not match, Maybe will cause CMOS reset, will patch it.
21:886  0:007  found RTC had IRQNoFlag will move -3 bytes
21:894  0:007  found PIC had IRQNoFlag will move -3 bytes
21:901  0:007  Start HPET Fix
21:910  0:009   deleting device CRT_
21:918  0:007   deleting device DVI_
21:926  0:007   deleting device SPKR
21:933  0:007   deleting device ECP_
21:942  0:008   deleting device LPT_
21:949  0:007   deleting device FDC0
21:957  0:007   deleting device ECP1
21:965  0:007   deleting device LPT1
21:977  0:012    indirect name=PNVB
21:984  0:006  OperationRegion (THBA...) corrected from 0x0 to addr=0xFE200000
21:991  0:007    indirect name=TPMM
21:998  0:006    indirect name=FTPM
22:005  0:006    indirect name=PPIM
22:012  0:007  PreCleanup XSDT: count=21, length=204
22:019  0:006  PreCleanup XSDT, corrected XSDT: count=21, length=204
22:026  0:007  === [ ACPIPatchedAML ] ====================================
22:290  0:264  AutoMerge pass 1
22:297  0:007  Unsorted
22:308  0:010  Inserting SSDT-x1_6-HwpLvt.aml from EFI\CLOVER\ACPI\patched: ignore on pass 1
22:322  0:013  Inserting SSDT-x1_4-Cpu0Hwp.aml from EFI\CLOVER\ACPI\patched: ignore on pass 1
22:336  0:013  Inserting SSDT-x1_3-ApCst.aml from EFI\CLOVER\ACPI\patched: ignore on pass 1
22:351  0:015  Inserting SSDT-x1_2-Cpu0Cst.aml from EFI\CLOVER\ACPI\patched: ignore on pass 1
22:365  0:014  Inserting SSDT-x1_1-ApIst.aml from EFI\CLOVER\ACPI\patched: ignore on pass 1
22:379  0:013  Inserting SSDT-x1_0-Cpu0Ist.aml from EFI\CLOVER\ACPI\patched: ignore on pass 1
22:396  0:016  Inserting SSDT-8-A M I.aml from EFI\CLOVER\ACPI\patched: size=4094 @16 ... Success
22:425  0:029  Inserting SSDT-7-A M I.aml from EFI\CLOVER\ACPI\patched: size=10206 @15 ... Success
22:456  0:030  Inserting SSDT-6-A M I.aml from EFI\CLOVER\ACPI\patched: size=11547 @12 ... Success
22:485  0:029  Inserting SSDT-5-A M I.aml from EFI\CLOVER\ACPI\patched: size=3998 @11 ... Success
22:514  0:028  Inserting SSDT-4-A M I.aml from EFI\CLOVER\ACPI\patched: size=9054 @9 ... Success
22:546  0:031  Inserting SSDT-3-A M I.aml from EFI\CLOVER\ACPI\patched: size=12754 @8 ... Success
22:576  0:029  Inserting SSDT-2-A M I.aml from EFI\CLOVER\ACPI\patched: size=34449 @7 ... Success
22:606  0:030  Inserting SSDT-1-A M I.aml from EFI\CLOVER\ACPI\patched: size=6087 @6 ... Success
22:635  0:028  Inserting SSDT-0-A M I.aml from EFI\CLOVER\ACPI\patched: size=516 @5 ... Success
22:664  0:029  Inserting SSDT-x1_5-ApHwp.aml from EFI\CLOVER\ACPI\patched: ignore on pass 1
22:681  0:016  === [ ACPIDropTables ] ====================================
22:951  0:270    0 replacements
22:958  0:007    0 replacements
22:965  0:006  Found OperationRegion(PNVS, SystemMemory, 34E3C000, ...)
22:972  0:006    0 replacements
22:979  0:006  Found OperationRegion(GGGT, SystemMemory, 3E5CE118, ...)
22:986  0:007    0 replacements
22:993  0:007  Found OperationRegion(SANV, SystemMemory, 3E53FD18, ...)
23:000  0:006    0 replacements
23:007  0:006    0 replacements
23:017  0:009    0 replacements
23:024  0:007    0 replacements
23:032  0:007    0 replacements
23:038  0:006  === [ ACPIPatchedAML ] ====================================
23:309  0:270  AutoMerge pass 2
23:315  0:006  Unsorted
23:323  0:007  Inserting SSDT-x1_6-HwpLvt.aml from EFI\CLOVER\ACPI\patched: size=1828 ... Success
23:346  0:023  Inserting SSDT-x1_4-Cpu0Hwp.aml from EFI\CLOVER\ACPI\patched: size=283 ... Success
23:369  0:022  Inserting SSDT-x1_3-ApCst.aml from EFI\CLOVER\ACPI\patched: size=778 ... Success
23:393  0:024  Inserting SSDT-x1_2-Cpu0Cst.aml from EFI\CLOVER\ACPI\patched: size=1024 ... Success
23:416  0:022  Inserting SSDT-x1_1-ApIst.aml from EFI\CLOVER\ACPI\patched: size=3825 ... Success
23:439  0:022  Inserting SSDT-x1_0-Cpu0Ist.aml from EFI\CLOVER\ACPI\patched: size=1316 ... Success
23:461  0:022  Inserting SSDT-x1_5-ApHwp.aml from EFI\CLOVER\ACPI\patched: size=791 ... Success
23:483  0:022  ApicCPUNum=1
23:490  0:007  Maximum control=0x24
23:497  0:006  Turbo control=0x2A
23:507  0:009  P-States: min 0x8, max 0x2A
23:514  0:006  SSDT with plugin-type without P-States is generated
23:520  0:006  Cleanup XSDT: count=29, length=268
23:527  0:006  corrected XSDT count=29, length=268
23:534  0:006  === [ RestSetup macOS ] ===================================
23:791  0:257  ATI injection not set
23:798  0:007   RCBA disabled; cannot use it
23:805  0:006  stringlength = 726
23:813  0:007  CurrentMode: Width=1920 Height=1080
23:820  0:006  Beginning FSInjection
23:833  0:013  Use origin smbios table type 1 guid.
23:847  0:014  Preparing kexts injection for arch=x86_64 from EFI\CLOVER\kexts\Other
23:854  0:007  Extra kext: EFI\CLOVER\kexts\Other\VirtualSMC.kext (v.1.0.9)
23:870  0:016  Extra kext: EFI\CLOVER\kexts\Other\USBInjectAll.kext (v.0.7.1)
24:015  0:144  Extra kext: EFI\CLOVER\kexts\Other\SMCProcessor.kext (v.1.0.9)
24:030  0:014  Extra kext: EFI\CLOVER\kexts\Other\RealtekRTL8111.kext (v.2.2.2)
24:044  0:014  Extra kext: EFI\CLOVER\kexts\Other\WhateverGreen.kext (v.1.3.4)
24:063  0:019  Extra kext: EFI\CLOVER\kexts\Other\SMCSuperIO.kext (v.1.0.9)
24:078  0:014  Extra kext: EFI\CLOVER\kexts\Other\AppleALC.kext (v.1.4.3)
24:487  0:409  Extra kext: EFI\CLOVER\kexts\Other\Lilu.kext (v.1.3.9)
24:506  0:018  Preparing kexts injection for arch=x86_64 from EFI\CLOVER\kexts\Off
24:514  0:008  Preparing kexts injection for arch=x86_64 from EFI\CLOVER\kexts\10.15
24:521  0:007  SetStartupDiskVolume:
24:529  0:007    * Volume: 'macOS'
24:535  0:006    * LoaderPath: '<null string>'
24:545  0:010    * DevPath: macOS
24:552  0:006    * GUID = B30786DA-E210-4F43-B70F-576B68A584F7
24:559  0:007    * efi-boot-device: <array><dict><key>IOMatch</key><dict><key>IOProviderClass</key><string>IOMedia</string><key>IOPropertyMatch</key><dict><key>UUID</key><string>B30786DA-E210-4F43-B70F-576B68A584F7</string></dict></dict></dict></array>
24:566  0:007  Custom boot screen not used because entry has unset use graphics
24:574  0:007  Closing log
0:100  0:100  MemLog inited, TSC freq: 3600499420
0:100  0:000  CPU was calibrated with RTC
0:100  0:000  
0:100  0:000  Now is 27.11.2019,  18:43:07 (GMT)
0:100  0:000  Starting Clover revision: 5099 (master, commit 6852bd3a) on American Megatrends EFI
0:100  0:000  Build with: [Args: -D NO_GRUB_DRIVERS_EMBEDDED -t GCC53 | -D NO_GRUB_DRIVERS_EMBEDDED --conf=/Users/sergey/src/Clover/Conf -D USE_LOW_EBDA -a X64 -b RELEASE -t GCC53 -n 5 | OS: 10.14.6]
0:100  0:000  SelfDevicePath=PciRoot(0x0)\Pci(0x17,0x0)\Sata(0x2,0xFFFF,0x0)\HD(1,GPT,CC961412-6621-4759-AAAA-830666C9E3AD,0x28,0x64000) @39D5D998
0:100  0:000  SelfDirPath = \EFI\BOOT
0:104  0:004  SimpleTextEx Status=Success
0:104  0:000  === [ Get Smbios ] ========================================
0:104  0:000  Type 16 Index = 0
0:104  0:000  Total Memory Slots Count = 4
0:104  0:000  Type 17 Index = 0
0:104  0:000  SmbiosTable.Type17->Speed = 3200MHz
0:104  0:000  SmbiosTable.Type17->Size = 8192MB
0:104  0:000  SmbiosTable.Type17->Bank/Device = BANK 0 ChannelA-DIMM0
0:104  0:000  SmbiosTable.Type17->Vendor = 029E
0:104  0:000  SmbiosTable.Type17->SerialNumber = 00000000
0:104  0:000  SmbiosTable.Type17->PartNumber = CMK16GX4M2B3200C16  
0:104  0:000  Type 17 Index = 1
0:104  0:000  Ignoring insane frequency value 0MHz
0:104  0:000  SmbiosTable.Type17->Speed = 0MHz
0:104  0:000  SmbiosTable.Type17->Size = 0MB
0:104  0:000  SmbiosTable.Type17->Bank/Device = BANK 1 ChannelA-DIMM1
0:104  0:000  SmbiosTable.Type17->Vendor = <null string>
0:104  0:000  SmbiosTable.Type17->SerialNumber = <null string>
0:104  0:000  SmbiosTable.Type17->PartNumber = <null string>
0:104  0:000  Type 17 Index = 2
0:104  0:000  SmbiosTable.Type17->Speed = 3200MHz
0:104  0:000  SmbiosTable.Type17->Size = 8192MB
0:104  0:000  SmbiosTable.Type17->Bank/Device = BANK 2 ChannelB-DIMM0
0:104  0:000  SmbiosTable.Type17->Vendor = 029E
0:104  0:000  SmbiosTable.Type17->SerialNumber = 00000000
0:104  0:000  SmbiosTable.Type17->PartNumber = CMK16GX4M2B3200C16  
0:104  0:000  Type 17 Index = 3
0:104  0:000  Ignoring insane frequency value 0MHz
0:104  0:000  SmbiosTable.Type17->Speed = 0MHz
0:104  0:000  SmbiosTable.Type17->Size = 0MB
0:104  0:000  SmbiosTable.Type17->Bank/Device = BANK 3 ChannelB-DIMM1
0:104  0:000  SmbiosTable.Type17->Vendor = <null string>
0:104  0:000  SmbiosTable.Type17->SerialNumber = <null string>
0:104  0:000  SmbiosTable.Type17->PartNumber = <null string>
0:104  0:000  Boot status=0
0:104  0:000  Running on: 'Z390 D' with board 'Z390 D'
0:104  0:000  === [ GetCPUProperties ] ==================================
0:104  0:000  CPU Vendor = 756E6547 Model=906EB
0:104  0:000   The CPU supported SSE4.1
0:104  0:000  BrandString = Intel(R) Core(TM) i3-9100F CPU @ 3.60GHz
0:104  0:000   The CPU supported turbo
0:104  0:000  MSR 0x35               40004
0:104  0:000   TSC/CCC Information Leaf:
0:104  0:000    numerator     : 300
0:104  0:000    denominator   : 2
0:104  0:000   Calibrated ARTFrequency: 24003329
0:104  0:000   Rounded ARTFrequency: 24000000
0:104  0:000  MSR 0xE2 before patch 1E008000
0:104  0:000  MSR 0xE2 is locked, PM patches will be turned on
0:104  0:000  MSR 0xCE              00080838_F1012400
0:104  0:000  corrected FLEX_RATIO = 0
0:104  0:000  FSBFrequency = 110 MHz, DMI FSBFrequency = 100 MHz, Corrected FSBFrequency = 100 MHz
0:104  0:000  MaxDiv/MinDiv: 36.0/8
0:104  0:000  Turbo: 40/41/41/42
0:104  0:000  Features: 0xBFEBFBFF
0:104  0:000  Threads: 4
0:104  0:000  Cores: 4
0:104  0:000  FSB: 100 MHz
0:104  0:000  CPU: 3960 MHz
0:104  0:000  TSC: 3960 MHz
0:104  0:000  PIS: 100 MHz
0:104  0:000  ExternalClock: 25 MHz
0:104  0:000  === [ GetDevices ] ========================================
0:104  0:000  GOP found at: PciRoot(0x0)/Pci(0x1,0x0)/Pci(0x0,0x0)/AcpiAdr(0x80010100)
0:104  0:000  PCI (00|00:00.00) : 8086 3E1F class=060000
0:104  0:000  PCI (00|00:01.00) : 8086 1901 class=060400
0:104  0:000  PCI (00|01:00.00) : 1002 67DF class=030000
0:104  0:000   - GOP: Provided by device
0:104  0:000   - GFX: Model=AMD Radeon RX 480 (ATI/AMD)
0:105  0:000  PCI (00|01:00.01) : 1002 AAF0 class=040300
0:105  0:000   - HDMI Audio: 
0:105  0:000  PCI (00|00:12.00) : 8086 A379 class=118000
0:105  0:000  PCI (00|00:14.00) : 8086 A36D class=0C0330
0:105  0:000  PCI (00|00:14.02) : 8086 A36F class=050000
0:105  0:000  PCI (00|00:16.00) : 8086 A360 class=078000
0:105  0:000  PCI (00|00:17.00) : 8086 A352 class=010601
0:105  0:000  PCI (00|00:1B.00) : 8086 A340 class=060400
0:105  0:000  PCI (00|00:1C.00) : 8086 A338 class=060400
0:105  0:000  PCI (00|00:1C.02) : 8086 A33A class=060400
0:105  0:000  PCI (00|04:00.00) : 10EC 8168 class=020000
0:105  0:000   - LAN: 0 Vendor=Realtek
0:105  0:000  PCI (00|00:1D.00) : 8086 A330 class=060400
0:105  0:000  PCI (00|00:1F.00) : 8086 A305 class=060100
0:105  0:000  PCI (00|00:1F.03) : 8086 A348 class=040300
0:105  0:000  PCI (00|00:1F.04) : 8086 A323 class=0C0500
0:105  0:000  PCI (00|00:1F.05) : 8086 A324 class=0C8000
0:105  0:000  === [ GetDefaultSettings ] ================================
0:105  0:000  Clover load options size = 0 bytes
0:111  0:006  EFI\CLOVER\config.plist loaded: Success
0:111  0:000  === [ GetListOfThemes ] ===================================
0:114  0:002  - [00]: random
0:116  0:002  - [00]: embedded
0:119  0:003  === [ Found config plists ] ===============================
0:120  0:001  - config.plist
0:122  0:001  - config4.plist
0:123  0:001  - config3.plist
0:125  0:001  - config5.plist
0:125  0:000  === [ GetEarlyUserSettings ] ==============================
0:125  0:000  timeout set to 3
0:125  0:000  Custom boot CUSTOM_BOOT_DISABLED (0x0)
0:137  0:012  Hiding entries with string Video
0:145  0:007  Hiding entries with string \EFI\BOOT\BOOTX64.EFI
0:152  0:007  Hiding entries with string AppleHDD
0:159  0:007  Hiding entries with string Game
0:166  0:007  Hiding entries with string MyDoc
0:173  0:007  Hiding entries with string Preboot
0:180  0:006  Hiding entries with string Recovery
0:187  0:007  === [ LoadDrivers ] =======================================
0:497  0:310  Loading FSInject.efi  status=Success
0:526  0:029  Loading HFSPlus.efi  status=Success
0:553  0:027   - driver needs connecting
0:561  0:008  Loading VirtualSmc.efi  status=Success
0:589  0:027  Loading ApfsDriverLoader.efi  status=Success
0:617  0:027   - driver needs connecting
0:625  0:008  Loading AptioMemoryFix.efi  status=Success
0:654  0:029  2 drivers needs connecting ...
0:663  0:008  PlatformDriverOverrideProtocol->GetDriver overriden
0:671  0:008  HFS+ driver loaded
0:682  0:011  APFS driver loaded
0:690  0:008  Searching for invalid DiskIo BY_DRIVER connects: not found, all ok
1:206  0:515  === [ InitScreen ] ========================================
1:553  0:347  Console modes reported: 6, available modes:
1:561  0:008   - [01]: 80x25 (current mode)
1:570  0:008   - [02]: 80x50
1:578  0:008   - [03]: 100x31
1:587  0:008   - [04]: 127x33
1:594  0:007   - [06]: 120x50
1:603  0:008  SetScreenResolution: 1920x1080 - setting Mode 5
1:718  0:115  Video mode change to mode #5: Success
1:729  0:010  reinit: self device path=PciRoot(0x0)\Pci(0x17,0x0)\Sata(0x2,0xFFFF,0x0)\HD(1,GPT,CC961412-6621-4759-AAAA-830666C9E3AD,0x28,0x64000)
1:741  0:011  Using embedded font: Success
1:750  0:009  === [ GetMacAddress ] =====================================
2:070  0:320  MAC address of LAN #0= B4:2E:99:82:CE:08:
2:135  0:065  === [ ScanSPD ] ===========================================
2:503  0:368  Scanning SMBus [8086:A323], mmio: 0x50518004, ioport: 0xEFA0, hostc: 0x11
2:533  0:029  Slot: 0 Type 26 8192MB 3200MHz Vendor=Corsair PartNo=CMK16GX4M2B3200C16 SerialNo=0000000000000000
2:559  0:026  Slot: 2 Type 26 8192MB 3200MHz Vendor=Corsair PartNo=CMK16GX4M2B3200C16 SerialNo=0000000000000000
2:568  0:008  === [ GetAcpiTablesList ] =================================
2:856  0:287  Get Acpi Tables List from RSDT:
2:872  0:016   - [00]: FACP  A M I len=132
2:880  0:008   - [01]: APIC  A M I len=132
2:889  0:008   - [02]: FPDT  A M I len=68
2:897  0:008   - [03]: FIDT  A M I len=156
2:908  0:011   - [04]: MCFG  A M I len=60
2:916  0:008   - [05]: SSDT  A M I len=516
2:925  0:008   - [06]: SSDT  A M I len=6101
2:933  0:008   - [07]: SSDT  A M I len=34306
2:941  0:008   - [08]: SSDT  A M I len=12743
2:949  0:007   - [09]: SSDT  A M I len=9048
2:957  0:008   - [10]: HPET  A M I len=56
2:965  0:008   - [11]: SSDT  A M I len=3998
2:973  0:008   - [12]: SSDT  A M I len=11547
2:982  0:008   - [13]: UEFI  A M I len=66
2:990  0:008   - [14]: LPIT  A M I len=92
2:998  0:008   - [15]: SSDT  A M I len=10206
3:009  0:011   - [16]: SSDT  A M I len=4094
3:017  0:007   - [17]: DBGP  A M I len=52
3:025  0:008   - [18]: DBG2  A M I len=84
3:034  0:008   - [19]: BGRT  A M I len=56
3:042  0:008   - [20]: WSMT  A M I len=40
3:050  0:008  Calibrated TSC Frequency = 3600499420 = 3600MHz
3:059  0:008  === [ GetUserSettings ] ===================================
3:361  0:302  USB FixOwnership: yes
3:369  0:008  Dropping 2 tables:
3:378  0:008   - [00]: Drop table  signature="DMAR" (52414D44)
3:447  0:069           - set table: 52414D44,                0 to drop: no
3:463  0:016   - [01]: Drop table  signature="MATS" (5354414D)
3:534  0:070           - set table: 5354414D,                0 to drop: no
3:551  0:016   - final DSDT Fix mask=166610D5
3:559  0:008  Using ProductName from config: iMac19,2
3:567  0:008  Found same BiosVersion in clover and config
3:576  0:008  BiosVersion: IM191.88Z.F000.B00.1910301745
3:584  0:008  BiosReleaseDate: 10/30/2019
3:593  0:008  Using EfiVersion from clover: 1037.60.50.0.0
3:604  0:011  Using FirmwareFeatures from config: 0xFD8FF576
3:612  0:008  Using FirmwareFeaturesMask from config: 0xFFDFFF7F
3:621  0:008  Board-ID set from config as Mac-63001698E7A34814
3:629  0:008  BoardType: 0xA
3:637  0:008  ChassisType: 0x9
3:646  0:008  Converted CustomUUID 1AD00F26-5543-45B7-8FA4-0D25C1CE35D3
3:657  0:010  === [ Found DSDT tables ] =================================
3:948  0:290  - DSDT.aml
4:354  0:406  === [ ScanVolumes ] =======================================
4:693  0:339  Found 14 volumes with blockIO
4:701  0:008  - [00]: Volume: PciRoot(0x0)\Pci(0x14,0x0)\USB(0x2,0x0)
4:718  0:016          USB volume
4:726  0:007  - [01]: Volume: PciRoot(0x0)\Pci(0x14,0x0)\USB(0x2,0x0)\HD(1,GPT,1DEE4863-7B24-4B0C-A024-25DF843C2F62,0x28,0x64000)
4:744  0:018          Result of bootcode detection: bootable unknown (legacy)
4:752  0:007          USB volume
4:760  0:008  - [02]: Volume: PciRoot(0x0)\Pci(0x14,0x0)\USB(0x2,0x0)\HD(2,GPT,A4E85B63-8FCB-4867-8108-5C9A94319CA2,0x64028,0x3A2E1FE0)
4:779  0:019          USB volume
4:788  0:008  - [03]: Volume: PciRoot(0x0)\Pci(0x17,0x0)\Sata(0x2,0xFFFF,0x0)
4:804  0:016  - [04]: Volume: PciRoot(0x0)\Pci(0x17,0x0)\Sata(0x4,0xFFFF,0x0)
4:821  0:017          Result of bootcode detection: bootable unknown (legacy)
4:829  0:007  - [05]: Volume: PciRoot(0x0)\Pci(0x17,0x0)\Sata(0x2,0xFFFF,0x0)\HD(1,GPT,CC961412-6621-4759-AAAA-830666C9E3AD,0x28,0x64000)
4:846  0:016          Result of bootcode detection: bootable unknown (legacy)
4:858  0:011          This is SelfVolume !!
4:866  0:008  - [06]: Volume: PciRoot(0x0)\Pci(0x17,0x0)\Sata(0x2,0xFFFF,0x0)\HD(2,GPT,B30786DA-E210-4F43-B70F-576B68A584F7,0x64028,0x1D121920)
4:883  0:016          Result of bootcode detection: bootable unknown (legacy)
4:891  0:008  - [07]: Volume: PciRoot(0x0)\Pci(0x17,0x0)\Sata(0x4,0xFFFF,0x0)\HD(1,GPT,F957AC43-A33D-43EA-B463-F7A4BC29E1C3,0x1F704000,0x1AC82000)
4:908  0:016          Result of bootcode detection: bootable Windows (vista,win)
4:919  0:011  - [08]: Volume: PciRoot(0x0)\Pci(0x17,0x0)\Sata(0x4,0xFFFF,0x0)\HD(2,GPT,F17B3F40-4239-4C2C-8149-D46088247B25,0x800,0x1F703800)
4:936  0:016  - [09]: Volume: PciRoot(0x0)\Pci(0x17,0x0)\Sata(0x2,0xFFFF,0x0)\HD(2,GPT,B30786DA-E210-4F43-B70F-576B68A584F7,0x64028,0x1D121920)\VenMedia(BE74FCF7-0B7C-49F3-9147-01F4042E6842,E11176DF8CA28048BEF9E9393132853F)
4:951  0:015          hiding this volume
4:960  0:008  - [10]: Volume: PciRoot(0x0)\Pci(0x17,0x0)\Sata(0x2,0xFFFF,0x0)\HD(2,GPT,B30786DA-E210-4F43-B70F-576B68A584F7,0x64028,0x1D121920)\VenMedia(BE74FCF7-0B7C-49F3-9147-01F4042E6842,FB1209AEE9BAF8389BB0DB3501A706AF)
4:979  0:019  - [11]: Volume: PciRoot(0x0)\Pci(0x17,0x0)\Sata(0x2,0xFFFF,0x0)\HD(2,GPT,B30786DA-E210-4F43-B70F-576B68A584F7,0x64028,0x1D121920)\VenMedia(BE74FCF7-0B7C-49F3-9147-01F4042E6842,F3374051DA9FE147AD6BDC74DCAA5238)
4:996  0:016          hiding this volume
5:004  0:008  - [12]: Volume: PciRoot(0x0)\Pci(0x17,0x0)\Sata(0x2,0xFFFF,0x0)\HD(2,GPT,B30786DA-E210-4F43-B70F-576B68A584F7,0x64028,0x1D121920)\VenMedia(BE74FCF7-0B7C-49F3-9147-01F4042E6842,CB644E09E4699E42BF1CA6E827305884)
5:023  0:019  - [13]: Volume: PciRoot(0x0)\Pci(0x17,0x0)\Sata(0x2,0xFFFF,0x0)\HD(2,GPT,B30786DA-E210-4F43-B70F-576B68A584F7,0x64028,0x1D121920)\VenMedia(BE74FCF7-0B7C-49F3-9147-01F4042E6842,37E1152428C2B448A6C914348D3C7223)
5:040  0:016  No AudioIoProtocols, status=Not Found
5:048  0:008  === [ InitTheme ] =========================================
5:400  0:352  use daylight theme
5:409  0:008   using embedded theme
5:420  0:011  got embedded sound
5:428  0:008    Channels: 2  Sample rate: 8000 Hz  Bits: 16
5:437  0:008  output to channel 0 with volume 70, len=25600
5:445  0:008   sound channels=2 bits=16 freq=8000
5:454  0:008  sound converted to 48kHz
5:462  0:008  not found AudioIo to play
5:471  0:008  sound play end with status=Not Found
5:479  0:008  Using embedded font: Success
5:487  0:008  theme inited
5:496  0:008  Chosen embedded theme
5:504  0:008  after NVRAM boot-args=-v debug=0x100 keepsyms=1 alcid=3 dart=0
5:515  0:011  === [ Dump SMC keys from NVRAM ] ==========================
5:744  0:229  found AppleSMC protocol
5:766  0:021  === [ ScanLoader ] ========================================
6:116  0:350  - [01]: 'EFI'
6:133  0:016  - [02]: 'Time Machine'
6:151  0:017  - [05]: 'EFI'
6:200  0:049          AddLoaderEntry for Volume Name=EFI
6:209  0:008          skipped because entry is hidden
6:217  0:008  - [07]: 'WData'
6:233  0:016  - [08]: 'Data'
6:250  0:016  - [09]: 'Preboot', hidden
6:269  0:019  - [10]: 'macOS - Data'
6:290  0:021  - [11]: 'Recovery', hidden
6:307  0:016  - [12]: 'VM'
6:324  0:016  - [13]: 'macOS'
6:363  0:039          AddLoaderEntry for Volume Name=macOS
6:377  0:014      Check if volume Is Hibernated:
6:386  0:008      Check sleep image 'by signature':
6:395  0:009      using default sleep image name = \private\var\vm\sleepimage
6:403  0:008      sleepimage not found -> Not Found
6:412  0:008      hibernated: no - sign
6:424  0:012  Scanning legacy ...
6:436  0:011   7: 'WData' (vista,win) add legacy
6:452  0:016   added 'Boot Windows from WData' OSType=2 Icon=vista,win
6:460  0:008  === [ AddCustomTool ] =====================================
6:780  0:319  found tool \EFI\CLOVER\tools\Shell64U.efi
6:789  0:008  Checking EFI partition Volume 1 for Clover
6:797  0:008  Checking EFI partition Volume 5 for Clover
6:807  0:010   Found Clover
6:816  0:008  === [ GetEfiBootDeviceFromNvram ] =========================
7:038  0:221   - efi-boot-device-data: PciRoot(0x0)\Pci(0x17,0x0)\Sata(0x2,0xFFFF,0x0)\HD(2,GPT,B30786DA-E210-4F43-B70F-576B68A584F7,0x64028,0x1D121920)\VenMedia(BE74FCF7-0B7C-49F3-9147-01F4042E6842,37E1152428C2B448A6C914348D3C7223)
7:049  0:011    - Volume: 'PciRoot(0x0)\Pci(0x17,0x0)\Sata(0x2,0xFFFF,0x0)\HD(2,GPT,B30786DA-E210-4F43-B70F-576B68A584F7,0x64028,0x1D121920)\VenMedia(BE74FCF7-0B7C-49F3-9147-01F4042E6842,37E1152428C2B448A6C914348D3C7223)'
7:057  0:008    - LoaderPath: '<null string>'
7:065  0:008    - Guid = B30786DA-E210-4F43-B70F-576B68A584F7
7:076  0:011  === [ FindStartupDiskVolume ] =============================
7:331  0:254    - Volume: partition = PciRoot(0x0)\Pci(0x17,0x0)\Sata(0x2,0xFFFF,0x0)\HD(2,GPT,B30786DA-E210-4F43-B70F-576B68A584F7,0x64028,0x1D121920)\VenMedia(BE74FCF7-0B7C-49F3-9147-01F4042E6842,37E1152428C2B448A6C914348D3C7223)
7:339  0:008     - searching for that partition
7:347  0:008      - found entry 0. 'Boot macOS from macOS', Volume 'macOS'
7:355  0:008  Boot redirected to Entry 0. 'Boot macOS from macOS'
7:367  0:011  DefaultIndex=0 and MainMenu.EntryCount=8
7:450  0:083  GUI ready
11:469  4:019  exit from MainMenu 4
11:479  0:009  === [ StartLoader ] =======================================
11:821  0:342  Finally: ExternalClock=26MHz BusSpeed=100014kHz CPUFreq=3600MHz PIS: hw.busfrequency=104000000Hz
11:838  0:016  Loading boot.efi  status=Success
11:924  0:086  GetOSVersion: 10.15.1 (19B88)
11:940  0:016  CSR_CFG: CSR_ALLOW_UNTRUSTED_KEXTS | CSR_ALLOW_UNRESTRICTED_FS | CSR_ALLOW_TASK_FOR_PID | CSR_ALLOW_UNRESTRICTED_DTRACE | CSR_ALLOW_UNRESTRICTED_NVRAM | CSR_ALLOW_DEVICE_CONFIGURATION | CSR_ALLOW_ANY_RECOVERY_OS | CSR_ALLOW_UNAPPROVED_KEXTS
11:951  0:011  Will not patch boot.efi
11:959  0:008  === [ PatchSmbios ] =======================================
12:300  0:340  insert table 9 for dev 0:0
12:308  0:008  insert table 9 for dev 0:1
12:317  0:008  insert table 9 for dev 0:0
12:325  0:008  Table 11 present, but rewritten for us
12:334  0:009  Trusting SMBIOS...
12:346  0:011  Channels: 2
12:354  0:008  Interleave: 0 2 1 3 4 6 5 7 8 10 9 11 12 14 13 15 16 18 17 19 20 22 21 23
12:568  0:214   partNum=CMK16GX4M2B3200C16  
12:577  0:008  SMBIOS Type 17 Index = 0 => 0 0:
12:585  0:008  BANK 0 DIMM0 3200MHz 8192MB
12:593  0:008   partNum=CMK16GX4M2B3200C16  
12:602  0:008  SMBIOS Type 17 Index = 1 => 2 2:
12:610  0:008  BANK 1 DIMM0 3200MHz 8192MB
12:618  0:008  SMBIOS Type 17 Index = 2 => 1 1:
12:627  0:008  BANK 0 DIMM1 EMPTY
12:635  0:008  SMBIOS Type 17 Index = 3 => 3 3:
12:646  0:010  BANK 1 DIMM1 EMPTY
12:654  0:008  mTotalSystemMemory = 16384
12:662  0:008  NumberOfMemoryDevices = 4
12:670  0:007  Type20[0]->End = 0x7FFFFF, Type17[0] = 0x2000
12:678  0:008  Type20[1]->End = 0xFFFFFF, Type17[1] = 0x6000
12:686  0:008  Table 131 is present, CPUType=31
12:694  0:008  Change to: 905
12:702  0:007  === [ PatchACPI ] =========================================
13:054  0:352  Xsdt reallocation done
13:062  0:008  old FADT length=114
13:071  0:008   SignatureFixup: 0xF66A27CE -> 0x0
13:082  0:011  Found OperationRegion(GNVS, SystemMemory, 3E53B000, ...)
13:090  0:008  Found OperationRegion(PNVA, SystemMemory, 3E5CEB98, ...)
13:099  0:008  Found OperationRegion(THBA, SystemMemory, FE200000, ...)
13:107  0:008  Found OperationRegion(BNVS, SystemMemory, 3E5A7000, ...)
13:116  0:008  Found OperationRegion(ABNV, SystemMemory, FFFF0000, ...)
13:124  0:007  Found OperationRegion(TMMB, SystemMemory, FED40000, ...)
13:132  0:008  Found OperationRegion(CRBD, SystemMemory, FED40000, ...)
13:143  0:011  Found OperationRegion(TPMR, SystemMemory, FFFFFFFF, ...)
13:152  0:008  Found OperationRegion(ATNV, SystemMemory, FFFF0000, ...)
13:162  0:010  DSDT found in Clover volume OEM folder: EFI\CLOVER\ACPI\patched\DSDT.aml
13:172  0:010  Apply DsdtFixMask=0x166610D5
13:181  0:008     drop _DSM mask=0xFFFF
13:189  0:008  === [ FixBiosDsdt ] =======================================
13:525  0:336    0 replacements
13:535  0:009  found RTC Length not match, Maybe will cause CMOS reset, will patch it.
13:546  0:011  found RTC had IRQNoFlag will move -3 bytes
13:555  0:008  found PIC had IRQNoFlag will move -3 bytes
13:563  0:008  Start HPET Fix
13:574  0:011   deleting device CRT_
13:583  0:009   deleting device DVI_
13:592  0:009   deleting device SPKR
13:601  0:008   deleting device ECP_
13:610  0:008   deleting device LPT_
13:619  0:009   deleting device FDC0
13:628  0:008   deleting device ECP1
13:637  0:009   deleting device LPT1
13:648  0:010    indirect name=PNVB
13:659  0:011  OperationRegion (THBA...) corrected from 0x0 to addr=0xFE200000
13:668  0:008    indirect name=TPMM
13:676  0:008    indirect name=FTPM
13:684  0:008    indirect name=PPIM
13:693  0:008  PreCleanup XSDT: count=21, length=204
13:701  0:007  PreCleanup XSDT, corrected XSDT: count=21, length=204
13:709  0:008  === [ ACPIPatchedAML ] ====================================
14:026  0:317  AutoMerge pass 1
14:034  0:008  Unsorted
14:042  0:008  Inserting SSDT-x1_6-HwpLvt.aml from EFI\CLOVER\ACPI\patched: ignore on pass 1
14:062  0:020  Inserting SSDT-x1_4-Cpu0Hwp.aml from EFI\CLOVER\ACPI\patched: ignore on pass 1
14:079  0:016  Inserting SSDT-x1_3-ApCst.aml from EFI\CLOVER\ACPI\patched: ignore on pass 1
14:096  0:016  Inserting SSDT-x1_2-Cpu0Cst.aml from EFI\CLOVER\ACPI\patched: ignore on pass 1
14:112  0:016  Inserting SSDT-x1_1-ApIst.aml from EFI\CLOVER\ACPI\patched: ignore on pass 1
14:128  0:016  Inserting SSDT-x1_0-Cpu0Ist.aml from EFI\CLOVER\ACPI\patched: ignore on pass 1
14:148  0:019  Inserting SSDT-8-A M I.aml from EFI\CLOVER\ACPI\patched: size=4094 @16 ... Success
14:183  0:035  Inserting SSDT-7-A M I.aml from EFI\CLOVER\ACPI\patched: size=10206 @15 ... Success
14:219  0:035  Inserting SSDT-6-A M I.aml from EFI\CLOVER\ACPI\patched: size=11547 @12 ... Success
14:253  0:034  Inserting SSDT-5-A M I.aml from EFI\CLOVER\ACPI\patched: size=3998 @11 ... Success
14:287  0:033  Inserting SSDT-4-A M I.aml from EFI\CLOVER\ACPI\patched: size=9054 @9 ... Success
14:320  0:033  Inserting SSDT-3-A M I.aml from EFI\CLOVER\ACPI\patched: size=12754 @8 ... Success
14:358  0:037  Inserting SSDT-2-A M I.aml from EFI\CLOVER\ACPI\patched: size=34449 @7 ... Success
14:392  0:034  Inserting SSDT-1-A M I.aml from EFI\CLOVER\ACPI\patched: size=6087 @6 ... Success
14:426  0:034  Inserting SSDT-0-A M I.aml from EFI\CLOVER\ACPI\patched: size=516 @5 ... Success
14:460  0:034  Inserting SSDT-x1_5-ApHwp.aml from EFI\CLOVER\ACPI\patched: ignore on pass 1
14:476  0:016  === [ ACPIDropTables ] ====================================
14:793  0:316    0 replacements
14:801  0:008    0 replacements
14:809  0:008  Found OperationRegion(PNVS, SystemMemory, 34E3C000, ...)
14:818  0:008    0 replacements
14:826  0:008  Found OperationRegion(GGGT, SystemMemory, 3E5CE118, ...)
14:834  0:007    0 replacements
14:842  0:008  Found OperationRegion(SANV, SystemMemory, 3E53FD18, ...)
14:850  0:007    0 replacements
14:858  0:008    0 replacements
14:866  0:007    0 replacements
14:874  0:008    0 replacements
14:885  0:011    0 replacements
14:893  0:008  === [ ACPIPatchedAML ] ====================================
15:205  0:311  AutoMerge pass 2
15:214  0:008  Unsorted
15:222  0:007  Inserting SSDT-x1_6-HwpLvt.aml from EFI\CLOVER\ACPI\patched: size=1828 ... Success
15:248  0:026  Inserting SSDT-x1_4-Cpu0Hwp.aml from EFI\CLOVER\ACPI\patched: size=283 ... Success
15:275  0:026  Inserting SSDT-x1_3-ApCst.aml from EFI\CLOVER\ACPI\patched: size=778 ... Success
15:301  0:025  Inserting SSDT-x1_2-Cpu0Cst.aml from EFI\CLOVER\ACPI\patched: size=1024 ... Success
15:329  0:028  Inserting SSDT-x1_1-ApIst.aml from EFI\CLOVER\ACPI\patched: size=3825 ... Success
15:355  0:025  Inserting SSDT-x1_0-Cpu0Ist.aml from EFI\CLOVER\ACPI\patched: size=1316 ... Success
15:381  0:025  Inserting SSDT-x1_5-ApHwp.aml from EFI\CLOVER\ACPI\patched: size=791 ... Success
15:406  0:025  ApicCPUNum=1
15:414  0:008  Maximum control=0x24
15:422  0:008  Turbo control=0x2A
15:430  0:008  P-States: min 0x8, max 0x2A
15:439  0:008  SSDT with plugin-type without P-States is generated
15:450  0:010  Cleanup XSDT: count=29, length=268
15:458  0:008  corrected XSDT count=29, length=268
15:466  0:008  === [ RestSetup macOS ] ===================================
15:778  0:311  ATI injection not set
15:786  0:007   RCBA disabled; cannot use it
15:794  0:008  stringlength = 726
15:802  0:008  CurrentMode: Width=1920 Height=1080
15:810  0:008  Beginning FSInjection
15:825  0:014  Use origin smbios table type 1 guid.
15:838  0:013  Preparing kexts injection for arch=x86_64 from EFI\CLOVER\kexts\Other
15:849  0:011  Extra kext: EFI\CLOVER\kexts\Other\VirtualSMC.kext (v.1.0.9)
15:869  0:019  Extra kext: EFI\CLOVER\kexts\Other\SMCProcessor.kext (v.1.0.9)
15:886  0:017  Extra kext: EFI\CLOVER\kexts\Other\RealtekRTL8111.kext (v.2.2.2)
15:902  0:015  Extra kext: EFI\CLOVER\kexts\Other\WhateverGreen.kext (v.1.3.4)
15:920  0:018  Extra kext: EFI\CLOVER\kexts\Other\SMCSuperIO.kext (v.1.0.9)
15:935  0:015  Extra kext: EFI\CLOVER\kexts\Other\AppleALC.kext (v.1.4.3)
16:352  0:416  Extra kext: EFI\CLOVER\kexts\Other\Lilu.kext (v.1.3.9)
16:370  0:018  Preparing kexts injection for arch=x86_64 from EFI\CLOVER\kexts\Off
16:378  0:007  Disabled kext: EFI\CLOVER\kexts\Off\USBInjectAll.kext (v.0.7.1)
16:388  0:009  Preparing kexts injection for arch=x86_64 from EFI\CLOVER\kexts\10.15
16:397  0:009  SetStartupDiskVolume:
16:405  0:008    * Volume: 'macOS'
16:413  0:008    * LoaderPath: '<null string>'
16:422  0:008    * DevPath: macOS
16:430  0:008    * GUID = B30786DA-E210-4F43-B70F-576B68A584F7
16:441  0:011    * efi-boot-device: <array><dict><key>IOMatch</key><dict><key>IOProviderClass</key><string>IOMedia</string><key>IOPropertyMatch</key><dict><key>UUID</key><string>B30786DA-E210-4F43-B70F-576B68A584F7</string></dict></dict></dict></array>
16:449  0:007  Custom boot screen not used because entry has unset use graphics
16:459  0:009  Closing log
